#
# There is insufficient memory for the Java Runtime Environment to continue.
# Native memory allocation (malloc) failed to allocate 1406256 bytes for Chunk::new
# Possible reasons:
#   The system is out of physical RAM or swap space
#   In 32 bit mode, the process size limit was hit
# Possible solutions:
#   Reduce memory load on the system
#   Increase physical memory or swap space
#   Check if swap backing store is full
#   Use 64 bit Java on a 64 bit OS
#   Decrease Java heap size (-Xmx/-Xms)
#   Decrease number of Java threads
#   Decrease Java thread stack sizes (-Xss)
#   Set larger code cache with -XX:ReservedCodeCacheSize=
# This output file may be truncated or incomplete.
#
#  Out of Memory Error (allocation.cpp:390), pid=4652, tid=0x00000000000060fc
#
# JRE version: OpenJDK Runtime Environment (8.0_152-b01) (build 1.8.0_152-release-915-b01)
# Java VM: OpenJDK 64-Bit Server VM (25.152-b01 mixed mode windows-amd64 compressed oops)
# Failed to write core dump. Minidumps are not enabled by default on client versions of Windows
#

---------------  T H R E A D  ---------------

Current thread (0x000000001afdc800):  JavaThread "C2 CompilerThread0" daemon [_thread_in_native, id=24828, stack(0x000000001b8a0000,0x000000001b9a0000)]

Stack: [0x000000001b8a0000,0x000000001b9a0000]
[error occurred during error reporting (printing stack bounds), id 0xc0000005]

Native frames: (J=compiled Java code, j=interpreted, Vv=VM code, C=native code)


Current CompileTask:
C2:  26202 6943       4       java.lang.Class::privateGetMethodRecursive (130 bytes)


---------------  P R O C E S S  ---------------

Java Threads: ( => current thread )
  0x000000001c1ab800 JavaThread "Memory manager" [_thread_blocked, id=2268, stack(0x0000000025ed0000,0x0000000025fd0000)]
  0x000000001c1ab000 JavaThread "pool-1-thread-1" [_thread_blocked, id=10408, stack(0x0000000025dd0000,0x0000000025ed0000)]
  0x000000001c1a8000 JavaThread "build operations Thread 8" [_thread_blocked, id=2672, stack(0x00000000258d0000,0x00000000259d0000)]
  0x000000001c1aa000 JavaThread "build operations Thread 7" [_thread_blocked, id=27600, stack(0x00000000257d0000,0x00000000258d0000)]
  0x000000001c1ad000 JavaThread "build operations Thread 6" [_thread_blocked, id=2264, stack(0x00000000256d0000,0x00000000257d0000)]
  0x000000001c1a9800 JavaThread "build operations Thread 5" [_thread_blocked, id=28364, stack(0x00000000255d0000,0x00000000256d0000)]
  0x000000001c1ae000 JavaThread "build operations Thread 4" [_thread_blocked, id=12576, stack(0x00000000254d0000,0x00000000255d0000)]
  0x000000001cca2800 JavaThread "build operations Thread 3" [_thread_blocked, id=16120, stack(0x00000000253d0000,0x00000000254d0000)]
  0x000000001cca2000 JavaThread "build operations Thread 2" [_thread_blocked, id=28464, stack(0x00000000252d0000,0x00000000253d0000)]
  0x000000001cc9f800 JavaThread "build operations" [_thread_blocked, id=7780, stack(0x0000000024bb0000,0x0000000024cb0000)]
  0x000000001cca3800 JavaThread "Cache worker for Artifact transforms cache (C:\Users\vinay\.gradle\caches\transforms-1)" [_thread_blocked, id=11416, stack(0x0000000024ab0000,0x0000000024bb0000)]
  0x000000001d36f000 JavaThread "Cache worker for file hash cache (D:\StudioProjects\boost\.gradle\4.1\fileHashes)" [_thread_blocked, id=21148, stack(0x000000001fe50000,0x000000001ff50000)]
  0x000000001ccd8800 JavaThread "File lock request listener" [_thread_in_native, id=23612, stack(0x000000001eb80000,0x000000001ec80000)]
  0x000000001caa0800 JavaThread "Cache worker for file hash cache (C:\Users\vinay\.gradle\caches\4.1\fileHashes)" [_thread_blocked, id=27512, stack(0x000000001ea80000,0x000000001eb80000)]
  0x000000001ca58800 JavaThread "Stdin handler" [_thread_blocked, id=16764, stack(0x000000001e980000,0x000000001ea80000)]
  0x000000001c5eb800 JavaThread "Asynchronous log dispatcher for DefaultDaemonConnection: socket connection from /127.0.0.1:53739 to /127.0.0.1:53740" [_thread_blocked, id=20920, stack(0x000000001e780000,0x000000001e880000)]
  0x000000001c5e9800 JavaThread "Daemon worker" [_thread_in_native, id=2328, stack(0x000000001e680000,0x000000001e780000)]
  0x000000001c81e800 JavaThread "Cancel handler" [_thread_blocked, id=8312, stack(0x000000001e580000,0x000000001e680000)]
  0x000000001b1e2000 JavaThread "Handler for socket connection from /127.0.0.1:53739 to /127.0.0.1:53740" [_thread_in_native, id=17112, stack(0x000000001e280000,0x000000001e380000)]
  0x000000001b1e1000 JavaThread "Daemon" [_thread_blocked, id=9064, stack(0x000000001e180000,0x000000001e280000)]
  0x000000001c6c6800 JavaThread "Daemon periodic checks" [_thread_blocked, id=25672, stack(0x000000001e080000,0x000000001e180000)]
  0x000000001b1e4000 JavaThread "Incoming local TCP Connector on port 53739" [_thread_in_native, id=25592, stack(0x000000001dbb0000,0x000000001dcb0000)]
  0x00000000190ce800 JavaThread "Service Thread" daemon [_thread_blocked, id=3192, stack(0x000000001bca0000,0x000000001bda0000)]
  0x00000000190ca000 JavaThread "C1 CompilerThread3" daemon [_thread_blocked, id=27748, stack(0x000000001bba0000,0x000000001bca0000)]
  0x000000001afe1000 JavaThread "C2 CompilerThread2" daemon [_thread_in_vm, id=18376, stack(0x000000001baa0000,0x000000001bba0000)]
  0x000000001afdf800 JavaThread "C2 CompilerThread1" daemon [_thread_in_native, id=11972, stack(0x000000001b9a0000,0x000000001baa0000)]
=>0x000000001afdc800 JavaThread "C2 CompilerThread0" daemon [_thread_in_native, id=24828, stack(0x000000001b8a0000,0x000000001b9a0000)]
  0x000000001afdb000 JavaThread "Attach Listener" daemon [_thread_blocked, id=23712, stack(0x000000001b7a0000,0x000000001b8a0000)]
  0x000000001afda000 JavaThread "Signal Dispatcher" daemon [_thread_blocked, id=1444, stack(0x000000001b6a0000,0x000000001b7a0000)]
  0x000000001afd0800 JavaThread "Finalizer" daemon [_thread_blocked, id=26888, stack(0x000000001b3b0000,0x000000001b4b0000)]
  0x00000000052f9000 JavaThread "Reference Handler" daemon [_thread_blocked, id=11552, stack(0x000000001aeb0000,0x000000001afb0000)]
  0x00000000050ce000 JavaThread "main" [_thread_blocked, id=12496, stack(0x00000000050d0000,0x00000000051d0000)]

Other Threads:
  0x00000000190b7000 VMThread [stack: 0x000000001adb0000,0x000000001aeb0000] [id=10708]
  0x000000001b075000 WatcherThread [stack: 0x000000001bda0000,0x000000001bea0000] [id=412]

VM state:not at safepoint (normal execution)

VM Mutex/Monitor currently owned by a thread: None

Heap:
 PSYoungGen      total 232960K, used 72976K [0x00000000e0000000, 0x00000000efe00000, 0x0000000100000000)
  eden space 216064K, 25% used [0x00000000e0000000,0x00000000e36c7e78,0x00000000ed300000)
  from space 16896K, 99% used [0x00000000edd00000,0x00000000eed7c538,0x00000000eed80000)
  to   space 14336K, 0% used [0x00000000ef000000,0x00000000ef000000,0x00000000efe00000)
 ParOldGen       total 114176K, used 29380K [0x00000000a0000000, 0x00000000a6f80000, 0x00000000e0000000)
  object space 114176K, 25% used [0x00000000a0000000,0x00000000a1cb1160,0x00000000a6f80000)
 Metaspace       used 55062K, capacity 57724K, committed 57944K, reserved 1099776K
  class space    used 7519K, capacity 8243K, committed 8320K, reserved 1048576K

Card table byte_map: [0x00000000146c0000,0x00000000149d0000] byte_map_base: 0x00000000141c0000

Marking Bits: (ParMarkBitMap*) 0x0000000077f83950
 Begin Bits: [0x00000000153d0000, 0x0000000016bd0000)
 End Bits:   [0x0000000016bd0000, 0x00000000183d0000)

Polling page: 0x0000000003360000

CodeCache: size=245760Kb used=23329Kb max_used=23341Kb free=222430Kb
 bounds [0x0000000005300000, 0x00000000069e0000, 0x0000000014300000]
 total_blobs=7420 nmethods=6664 adapters=668
 compilation: enabled

Compilation events (10 events):
Event: 26.186 Thread 0x00000000190ca000 nmethod 7265 0x00000000069c4910 code [0x00000000069c4a80, 0x00000000069c4d10]
Event: 26.186 Thread 0x00000000190ca000 7266       3       org.gradle.api.internal.DefaultNamedDomainObjectCollection$ContainerElementsDynamicObject::<init> (10 bytes)
Event: 26.186 Thread 0x00000000190ca000 nmethod 7266 0x00000000069c4490 code [0x00000000069c4600, 0x00000000069c4830]
Event: 26.186 Thread 0x00000000190ca000 7267       3       org.gradle.model.internal.core.ModelNode$State::isAtLeast (17 bytes)
Event: 26.186 Thread 0x00000000190ca000 nmethod 7267 0x00000000069c3f90 code [0x00000000069c4100, 0x00000000069c43d0]
Event: 26.187 Thread 0x00000000190ca000 7268       3       java.util.jar.JarVerifier::update (43 bytes)
Event: 26.188 Thread 0x00000000190ca000 nmethod 7268 0x00000000069c3950 code [0x00000000069c3ae0, 0x00000000069c3e28]
Event: 26.188 Thread 0x00000000190ca000 7269       3       org.gradle.api.internal.artifacts.dsl.ParsedModuleStringNotation::assignValue (88 bytes)
Event: 26.188 Thread 0x00000000190ca000 nmethod 7269 0x00000000069c3250 code [0x00000000069c33e0, 0x00000000069c3878]
Event: 26.189 Thread 0x00000000190ca000 7270       3       org.gradle.api.internal.artifacts.configurations.DefaultConfiguration::<init> (541 bytes)

GC Heap History (10 events):
Event: 14.062 GC heap before
{Heap before GC invocations=5 (full 1):
 PSYoungGen      total 76288K, used 65536K [0x00000000e0000000, 0x00000000e9500000, 0x0000000100000000)
  eden space 65536K, 100% used [0x00000000e0000000,0x00000000e4000000,0x00000000e4000000)
  from space 10752K, 0% used [0x00000000e4000000,0x00000000e4000000,0x00000000e4a80000)
  to   space 10752K, 0% used [0x00000000e8a80000,0x00000000e8a80000,0x00000000e9500000)
 ParOldGen       total 79872K, used 6555K [0x00000000a0000000, 0x00000000a4e00000, 0x00000000e0000000)
  object space 79872K, 8% used [0x00000000a0000000,0x00000000a0666ea0,0x00000000a4e00000)
 Metaspace       used 25799K, capacity 26444K, committed 26752K, reserved 1073152K
  class space    used 3500K, capacity 3705K, committed 3712K, reserved 1048576K
Event: 14.070 GC heap after
Heap after GC invocations=5 (full 1):
 PSYoungGen      total 132096K, used 7786K [0x00000000e0000000, 0x00000000e9280000, 0x0000000100000000)
  eden space 123904K, 0% used [0x00000000e0000000,0x00000000e0000000,0x00000000e7900000)
  from space 8192K, 95% used [0x00000000e8a80000,0x00000000e921a828,0x00000000e9280000)
  to   space 10752K, 0% used [0x00000000e7d80000,0x00000000e7d80000,0x00000000e8800000)
 ParOldGen       total 79872K, used 6563K [0x00000000a0000000, 0x00000000a4e00000, 0x00000000e0000000)
  object space 79872K, 8% used [0x00000000a0000000,0x00000000a0668ea0,0x00000000a4e00000)
 Metaspace       used 25799K, capacity 26444K, committed 26752K, reserved 1073152K
  class space    used 3500K, capacity 3705K, committed 3712K, reserved 1048576K
}
Event: 20.118 GC heap before
{Heap before GC invocations=6 (full 1):
 PSYoungGen      total 132096K, used 131690K [0x00000000e0000000, 0x00000000e9280000, 0x0000000100000000)
  eden space 123904K, 100% used [0x00000000e0000000,0x00000000e7900000,0x00000000e7900000)
  from space 8192K, 95% used [0x00000000e8a80000,0x00000000e921a828,0x00000000e9280000)
  to   space 10752K, 0% used [0x00000000e7d80000,0x00000000e7d80000,0x00000000e8800000)
 ParOldGen       total 79872K, used 6563K [0x00000000a0000000, 0x00000000a4e00000, 0x00000000e0000000)
  object space 79872K, 8% used [0x00000000a0000000,0x00000000a0668ea0,0x00000000a4e00000)
 Metaspace       used 34492K, capacity 35268K, committed 35416K, reserved 1079296K
  class space    used 4660K, capacity 4970K, committed 4992K, reserved 1048576K
Event: 20.133 GC heap after
Heap after GC invocations=6 (full 1):
 PSYoungGen      total 139264K, used 10740K [0x00000000e0000000, 0x00000000efe80000, 0x0000000100000000)
  eden space 128512K, 0% used [0x00000000e0000000,0x00000000e0000000,0x00000000e7d80000)
  from space 10752K, 99% used [0x00000000e7d80000,0x00000000e87fd288,0x00000000e8800000)
  to   space 14848K, 0% used [0x00000000ef000000,0x00000000ef000000,0x00000000efe80000)
 ParOldGen       total 79872K, used 8738K [0x00000000a0000000, 0x00000000a4e00000, 0x00000000e0000000)
  object space 79872K, 10% used [0x00000000a0000000,0x00000000a08889a0,0x00000000a4e00000)
 Metaspace       used 34492K, capacity 35268K, committed 35416K, reserved 1079296K
  class space    used 4660K, capacity 4970K, committed 4992K, reserved 1048576K
}
Event: 20.134 GC heap before
{Heap before GC invocations=7 (full 2):
 PSYoungGen      total 139264K, used 10740K [0x00000000e0000000, 0x00000000efe80000, 0x0000000100000000)
  eden space 128512K, 0% used [0x00000000e0000000,0x00000000e0000000,0x00000000e7d80000)
  from space 10752K, 99% used [0x00000000e7d80000,0x00000000e87fd288,0x00000000e8800000)
  to   space 14848K, 0% used [0x00000000ef000000,0x00000000ef000000,0x00000000efe80000)
 ParOldGen       total 79872K, used 8738K [0x00000000a0000000, 0x00000000a4e00000, 0x00000000e0000000)
  object space 79872K, 10% used [0x00000000a0000000,0x00000000a08889a0,0x00000000a4e00000)
 Metaspace       used 34492K, capacity 35268K, committed 35416K, reserved 1079296K
  class space    used 4660K, capacity 4970K, committed 4992K, reserved 1048576K
Event: 20.226 GC heap after
Heap after GC invocations=7 (full 2):
 PSYoungGen      total 139264K, used 0K [0x00000000e0000000, 0x00000000efe80000, 0x0000000100000000)
  eden space 128512K, 0% used [0x00000000e0000000,0x00000000e0000000,0x00000000e7d80000)
  from space 10752K, 0% used [0x00000000e7d80000,0x00000000e7d80000,0x00000000e8800000)
  to   space 14848K, 0% used [0x00000000ef000000,0x00000000ef000000,0x00000000efe80000)
 ParOldGen       total 114176K, used 18702K [0x00000000a0000000, 0x00000000a6f80000, 0x00000000e0000000)
  object space 114176K, 16% used [0x00000000a0000000,0x00000000a1243a48,0x00000000a6f80000)
 Metaspace       used 34492K, capacity 35268K, committed 35416K, reserved 1079296K
  class space    used 4660K, capacity 4970K, committed 4992K, reserved 1048576K
}
Event: 22.238 GC heap before
{Heap before GC invocations=8 (full 2):
 PSYoungGen      total 139264K, used 128512K [0x00000000e0000000, 0x00000000efe80000, 0x0000000100000000)
  eden space 128512K, 100% used [0x00000000e0000000,0x00000000e7d80000,0x00000000e7d80000)
  from space 10752K, 0% used [0x00000000e7d80000,0x00000000e7d80000,0x00000000e8800000)
  to   space 14848K, 0% used [0x00000000ef000000,0x00000000ef000000,0x00000000efe80000)
 ParOldGen       total 114176K, used 18702K [0x00000000a0000000, 0x00000000a6f80000, 0x00000000e0000000)
  object space 114176K, 16% used [0x00000000a0000000,0x00000000a1243a48,0x00000000a6f80000)
 Metaspace       used 46065K, capacity 47182K, committed 47576K, reserved 1089536K
  class space    used 6177K, capacity 6536K, committed 6656K, reserved 1048576K
Event: 22.256 GC heap after
Heap after GC invocations=8 (full 2):
 PSYoungGen      total 230400K, used 14288K [0x00000000e0000000, 0x00000000efe00000, 0x0000000100000000)
  eden space 216064K, 0% used [0x00000000e0000000,0x00000000e0000000,0x00000000ed300000)
  from space 14336K, 99% used [0x00000000ef000000,0x00000000efdf42e8,0x00000000efe00000)
  to   space 16896K, 0% used [0x00000000edd00000,0x00000000edd00000,0x00000000eed80000)
 ParOldGen       total 114176K, used 18710K [0x00000000a0000000, 0x00000000a6f80000, 0x00000000e0000000)
  object space 114176K, 16% used [0x00000000a0000000,0x00000000a1245a48,0x00000000a6f80000)
 Metaspace       used 46065K, capacity 47182K, committed 47576K, reserved 1089536K
  class space    used 6177K, capacity 6536K, committed 6656K, reserved 1048576K
}
Event: 25.340 GC heap before
{Heap before GC invocations=9 (full 2):
 PSYoungGen      total 230400K, used 230352K [0x00000000e0000000, 0x00000000efe00000, 0x0000000100000000)
  eden space 216064K, 100% used [0x00000000e0000000,0x00000000ed300000,0x00000000ed300000)
  from space 14336K, 99% used [0x00000000ef000000,0x00000000efdf42e8,0x00000000efe00000)
  to   space 16896K, 0% used [0x00000000edd00000,0x00000000edd00000,0x00000000eed80000)
 ParOldGen       total 114176K, used 18710K [0x00000000a0000000, 0x00000000a6f80000, 0x00000000e0000000)
  object space 114176K, 16% used [0x00000000a0000000,0x00000000a1245a48,0x00000000a6f80000)
 Metaspace       used 53718K, capacity 55774K, committed 55896K, reserved 1097728K
  class space    used 7276K, capacity 7803K, committed 7808K, reserved 1048576K
Event: 25.366 GC heap after
Heap after GC invocations=9 (full 2):
 PSYoungGen      total 232960K, used 16881K [0x00000000e0000000, 0x00000000efe00000, 0x0000000100000000)
  eden space 216064K, 0% used [0x00000000e0000000,0x00000000e0000000,0x00000000ed300000)
  from space 16896K, 99% used [0x00000000edd00000,0x00000000eed7c538,0x00000000eed80000)
  to   space 14336K, 0% used [0x00000000ef000000,0x00000000ef000000,0x00000000efe00000)
 ParOldGen       total 114176K, used 29380K [0x00000000a0000000, 0x00000000a6f80000, 0x00000000e0000000)
  object space 114176K, 25% used [0x00000000a0000000,0x00000000a1cb1160,0x00000000a6f80000)
 Metaspace       used 53718K, capacity 55774K, committed 55896K, reserved 1097728K
  class space    used 7276K, capacity 7803K, committed 7808K, reserved 1048576K
}

Deoptimization events (10 events):
Event: 25.192 Thread 0x000000001c5e9800 Uncommon trap: reason=unstable_if action=reinterpret pc=0x00000000064dadf8 method=groovy.lang.MetaClassImpl.checkIfStdMethod(Lgroovy/lang/MetaMethod;)V @ 167
Event: 25.246 Thread 0x000000001c5e9800 Uncommon trap: reason=unstable_if action=reinterpret pc=0x00000000061f3dac method=org.objectweb.asm.ByteVector.putInt(I)Lorg/objectweb/asm/ByteVector; @ 13
Event: 25.261 Thread 0x000000001c5e9800 Uncommon trap: reason=unstable_if action=reinterpret pc=0x0000000005aba1f4 method=java.lang.String.lastIndexOf([CII[CIII)I @ 118
Event: 25.291 Thread 0x000000001c5e9800 Uncommon trap: reason=unstable_if action=reinterpret pc=0x0000000006446b00 method=com.sun.org.apache.xerces.internal.impl.XMLEntityScanner.scanQName(Lcom/sun/org/apache/xerces/internal/xni/QName;Lcom/sun/org/apache/xerces/internal/impl/XMLScanner$NameType
Event: 25.733 Thread 0x000000001c5e9800 Uncommon trap: reason=unstable_if action=reinterpret pc=0x0000000005f78b00 method=java.lang.reflect.AccessibleObject.setAccessible0(Ljava/lang/reflect/AccessibleObject;Z)V @ 23
Event: 25.736 Thread 0x000000001c5e9800 Uncommon trap: reason=unstable_if action=reinterpret pc=0x000000000685bb50 method=java.lang.reflect.Executable.sharedToGenericString(IZ)Ljava/lang/String; @ 282
Event: 25.742 Thread 0x000000001c5e9800 Uncommon trap: reason=unstable_if action=reinterpret pc=0x0000000005c86098 method=org.codehaus.groovy.reflection.CachedMethod.compareToMethod(Ljava/lang/reflect/Method;)I @ 71
Event: 25.791 Thread 0x000000001c5e9800 Uncommon trap: reason=bimorphic action=maybe_recompile pc=0x0000000005fa52f8 method=groovy.lang.MetaClassImpl.filterPropertyMethod(Ljava/lang/Object;ZZ)Ljava/lang/Object; @ 38
Event: 25.792 Thread 0x000000001c5e9800 Uncommon trap: reason=bimorphic action=maybe_recompile pc=0x00000000068d2a08 method=groovy.lang.MetaClassImpl.makeReplacementMetaProperty(Lgroovy/lang/MetaProperty;Ljava/lang/String;ZLgroovy/lang/MetaMethod;)Lgroovy/lang/MetaProperty; @ 14
Event: 25.889 Thread 0x000000001c5e9800 Uncommon trap: reason=null_check action=make_not_entrant pc=0x0000000006165cd8 method=java.lang.ThreadLocal$ThreadLocalMap.getEntryAfterMiss(Ljava/lang/ThreadLocal;ILjava/lang/ThreadLocal$ThreadLocalMap$Entry;)Ljava/lang/ThreadLocal$ThreadLocalMap$Entry; 

Classes redefined (0 events):
No events

Internal exceptions (10 events):
Event: 25.857 Thread 0x000000001c5e9800 Exception <a 'java/lang/ClassNotFoundException': com/google/gms/googleservices/GoogleServicesTask_DecoratedCustomizer> (0x00000000e2bc5648) thrown at [D:\src\AOSP-openjdk-cygwin\jdk8u\hotspot\src\share\vm\classfile\systemDictionary.cpp, line 210]
Event: 25.889 Thread 0x000000001c5e9800 Implicit null exception at 0x0000000006165827 to 0x0000000006165cb9
Event: 25.938 Thread 0x000000001c5e9800 Exception <a 'java/lang/ClassNotFoundException': build_7cdiivxk8ohhe2xiijypswerrBeanInfo> (0x00000000e2cbc168) thrown at [D:\src\AOSP-openjdk-cygwin\jdk8u\hotspot\src\share\vm\classfile\systemDictionary.cpp, line 210]
Event: 25.939 Thread 0x000000001c5e9800 Exception <a 'java/lang/ClassNotFoundException': build_7cdiivxk8ohhe2xiijypswerrCustomizer> (0x00000000e2cc5b40) thrown at [D:\src\AOSP-openjdk-cygwin\jdk8u\hotspot\src\share\vm\classfile\systemDictionary.cpp, line 210]
Event: 26.033 Thread 0x000000001c5e9800 Exception <a 'java/lang/ClassNotFoundException': build_7cdiivxk8ohhe2xiijypswerr$_run_closure1$_closure4BeanInfo> (0x00000000e2f58b00) thrown at [D:\src\AOSP-openjdk-cygwin\jdk8u\hotspot\src\share\vm\classfile\systemDictionary.cpp, line 210]
Event: 26.034 Thread 0x000000001c5e9800 Exception <a 'java/lang/ClassNotFoundException': build_7cdiivxk8ohhe2xiijypswerr$_run_closure1$_closure4Customizer> (0x00000000e2f67df8) thrown at [D:\src\AOSP-openjdk-cygwin\jdk8u\hotspot\src\share\vm\classfile\systemDictionary.cpp, line 210]
Event: 26.035 Thread 0x000000001c5e9800 Exception <a 'java/lang/ClassNotFoundException': build_7cdiivxk8ohhe2xiijypswerr$_run_closure1BeanInfo> (0x00000000e2f8efa8) thrown at [D:\src\AOSP-openjdk-cygwin\jdk8u\hotspot\src\share\vm\classfile\systemDictionary.cpp, line 210]
Event: 26.035 Thread 0x000000001c5e9800 Exception <a 'java/lang/ClassNotFoundException': build_7cdiivxk8ohhe2xiijypswerr$_run_closure1Customizer> (0x00000000e2f9db78) thrown at [D:\src\AOSP-openjdk-cygwin\jdk8u\hotspot\src\share\vm\classfile\systemDictionary.cpp, line 210]
Event: 26.178 Thread 0x000000001c5e9800 Exception <a 'java/lang/ClassNotFoundException': build_di59vr4ju292so6g8vi7f1uniBeanInfo> (0x00000000e334dea0) thrown at [D:\src\AOSP-openjdk-cygwin\jdk8u\hotspot\src\share\vm\classfile\systemDictionary.cpp, line 210]
Event: 26.178 Thread 0x000000001c5e9800 Exception <a 'java/lang/ClassNotFoundException': build_di59vr4ju292so6g8vi7f1uniCustomizer> (0x00000000e3357888) thrown at [D:\src\AOSP-openjdk-cygwin\jdk8u\hotspot\src\share\vm\classfile\systemDictionary.cpp, line 210]

Events (10 events):
Event: 26.176 loading class groovy/runtime/metaclass/build_di59vr4ju292so6g8vi7f1uniMetaClass
Event: 26.176 loading class groovy/runtime/metaclass/build_di59vr4ju292so6g8vi7f1uniMetaClass done
Event: 26.177 loading class build_di59vr4ju292so6g8vi7f1uniBeanInfo
Event: 26.178 loading class build_di59vr4ju292so6g8vi7f1uniBeanInfo done
Event: 26.178 loading class build_di59vr4ju292so6g8vi7f1uniBeanInfo
Event: 26.178 loading class build_di59vr4ju292so6g8vi7f1uniBeanInfo done
Event: 26.178 loading class build_di59vr4ju292so6g8vi7f1uniCustomizer
Event: 26.178 loading class build_di59vr4ju292so6g8vi7f1uniCustomizer done
Event: 26.178 loading class build_di59vr4ju292so6g8vi7f1uniCustomizer
Event: 26.178 loading class build_di59vr4ju292so6g8vi7f1uniCustomizer done


Dynamic libraries:
0x00007ff79b740000 - 0x00007ff79b771000 	C:\Program Files\Android\Android Studio\jre\bin\java.exe
0x00007ffc6da40000 - 0x00007ffc6dc20000 	C:\WINDOWS\SYSTEM32\ntdll.dll
0x00007ffc6c950000 - 0x00007ffc6c9fe000 	C:\WINDOWS\System32\KERNEL32.DLL
0x00007ffc6a0e0000 - 0x00007ffc6a346000 	C:\WINDOWS\System32\KERNELBASE.dll
0x00007ffc6cbf0000 - 0x00007ffc6cc91000 	C:\WINDOWS\System32\ADVAPI32.dll
0x00007ffc6d490000 - 0x00007ffc6d52d000 	C:\WINDOWS\System32\msvcrt.dll
0x00007ffc6b220000 - 0x00007ffc6b27b000 	C:\WINDOWS\System32\sechost.dll
0x00007ffc6cd50000 - 0x00007ffc6ce6f000 	C:\WINDOWS\System32\RPCRT4.dll
0x00007ffc6cf20000 - 0x00007ffc6d0af000 	C:\WINDOWS\System32\USER32.dll
0x00007ffc6ac70000 - 0x00007ffc6ac90000 	C:\WINDOWS\System32\win32u.dll
0x00007ffc6d560000 - 0x00007ffc6d588000 	C:\WINDOWS\System32\GDI32.dll
0x00007ffc6ac90000 - 0x00007ffc6ae23000 	C:\WINDOWS\System32\gdi32full.dll
0x00007ffc6a040000 - 0x00007ffc6a0db000 	C:\WINDOWS\System32\msvcp_win.dll
0x00007ffc69f40000 - 0x00007ffc6a036000 	C:\WINDOWS\System32\ucrtbase.dll
0x00007ffc5bcd0000 - 0x00007ffc5bf39000 	C:\WINDOWS\WinSxS\amd64_microsoft.windows.common-controls_6595b64144ccf1df_6.0.16299.431_none_15c7d3ee93659e73\COMCTL32.dll
0x00007ffc6af10000 - 0x00007ffc6b218000 	C:\WINDOWS\System32\combase.dll
0x00007ffc6ae90000 - 0x00007ffc6af02000 	C:\WINDOWS\System32\bcryptPrimitives.dll
0x00007ffc6d530000 - 0x00007ffc6d55d000 	C:\WINDOWS\System32\IMM32.DLL
0x0000000050580000 - 0x0000000050652000 	C:\Program Files\Android\Android Studio\jre\jre\bin\msvcr100.dll
0x00000000777c0000 - 0x0000000077ffe000 	C:\Program Files\Android\Android Studio\jre\jre\bin\server\jvm.dll
0x00007ffc6cca0000 - 0x00007ffc6cca8000 	C:\WINDOWS\System32\PSAPI.DLL
0x00007ffc65a10000 - 0x00007ffc65a33000 	C:\WINDOWS\SYSTEM32\WINMM.dll
0x00007ffc62100000 - 0x00007ffc6210a000 	C:\WINDOWS\SYSTEM32\VERSION.dll
0x00007ffc57830000 - 0x00007ffc57839000 	C:\WINDOWS\SYSTEM32\WSOCK32.dll
0x00007ffc659e0000 - 0x00007ffc65a0a000 	C:\WINDOWS\SYSTEM32\winmmbase.dll
0x00007ffc6ca10000 - 0x00007ffc6ca7c000 	C:\WINDOWS\System32\WS2_32.dll
0x00007ffc69e40000 - 0x00007ffc69e8a000 	C:\WINDOWS\System32\cfgmgr32.dll
0x00007ffc64f90000 - 0x00007ffc64f9f000 	C:\Program Files\Android\Android Studio\jre\jre\bin\verify.dll
0x00007ffc35670000 - 0x00007ffc35699000 	C:\Program Files\Android\Android Studio\jre\jre\bin\java.dll
0x00007ffc35650000 - 0x00007ffc35666000 	C:\Program Files\Android\Android Studio\jre\jre\bin\zip.dll
0x00007ffc6b280000 - 0x00007ffc6c6b8000 	C:\WINDOWS\System32\SHELL32.dll
0x00007ffc6ce70000 - 0x00007ffc6cf16000 	C:\WINDOWS\System32\shcore.dll
0x00007ffc6a350000 - 0x00007ffc6aa97000 	C:\WINDOWS\System32\windows.storage.dll
0x00007ffc6cb90000 - 0x00007ffc6cbe1000 	C:\WINDOWS\System32\shlwapi.dll
0x00007ffc69dd0000 - 0x00007ffc69de1000 	C:\WINDOWS\System32\kernel.appcore.dll
0x00007ffc69df0000 - 0x00007ffc69e3c000 	C:\WINDOWS\System32\powrprof.dll
0x00007ffc69d90000 - 0x00007ffc69dab000 	C:\WINDOWS\System32\profapi.dll
0x00007ffc35630000 - 0x00007ffc3564a000 	C:\Program Files\Android\Android Studio\jre\jre\bin\net.dll
0x00007ffc69620000 - 0x00007ffc69686000 	C:\WINDOWS\system32\mswsock.dll
0x00007ffc35610000 - 0x00007ffc35621000 	C:\Program Files\Android\Android Studio\jre\jre\bin\nio.dll
0x00007ffc5b7e0000 - 0x00007ffc5b7fe000 	C:\Users\vinay\.gradle\native\25\windows-amd64\native-platform.dll
0x00007ffc62090000 - 0x00007ffc6209d000 	C:\Program Files\Android\Android Studio\jre\jre\bin\management.dll
0x00007ffc697e0000 - 0x00007ffc697f7000 	C:\WINDOWS\SYSTEM32\CRYPTSP.dll
0x00007ffc69220000 - 0x00007ffc69253000 	C:\WINDOWS\system32\rsaenh.dll
0x00007ffc698f0000 - 0x00007ffc69915000 	C:\WINDOWS\SYSTEM32\bcrypt.dll
0x00007ffc69cc0000 - 0x00007ffc69ce9000 	C:\WINDOWS\SYSTEM32\USERENV.dll
0x00007ffc69800000 - 0x00007ffc6980b000 	C:\WINDOWS\SYSTEM32\CRYPTBASE.dll
0x00007ffc693b0000 - 0x00007ffc693e9000 	C:\WINDOWS\SYSTEM32\IPHLPAPI.DLL
0x00007ffc6da00000 - 0x00007ffc6da08000 	C:\WINDOWS\System32\NSI.dll
0x00007ffc62fd0000 - 0x00007ffc62fe6000 	C:\WINDOWS\SYSTEM32\dhcpcsvc6.DLL
0x00007ffc632c0000 - 0x00007ffc632da000 	C:\WINDOWS\SYSTEM32\dhcpcsvc.DLL

VM Arguments:
jvm_args: -Xmx1536M -Dfile.encoding=windows-1252 -Duser.country=IN -Duser.language=en -Duser.variant 
java_command: org.gradle.launcher.daemon.bootstrap.GradleDaemon 4.1
java_class_path (initial): C:\Users\vinay\.gradle\wrapper\dists\gradle-4.1-all\bzyivzo6n839fup2jbap0tjew\gradle-4.1\lib\gradle-launcher-4.1.jar
Launcher Type: SUN_STANDARD

Environment Variables:
JAVA_HOME=C:\Program Files\Java\jdk1.8.0_161
PATH=C:\ProgramData\Oracle\Java\javapath;C:\Program Files (x86)\Intel\iCLS Client\;C:\Program Files\Intel\iCLS Client\;C:\Windows\system32;C:\Windows;C:\Windows\System32\Wbem;C:\Windows\System32\WindowsPowerShell\v1.0\;C:\Program Files (x86)\Intel\Intel(R) Management Engine Components\DAL;C:\Program Files\Intel\Intel(R) Management Engine Components\DAL;C:\Program Files (x86)\Intel\Intel(R) Management Engine Components\IPT;C:\Program Files\Intel\Intel(R) Management Engine Components\IPT;C:\Program Files (x86)\NVIDIA Corporation\PhysX\Common;C:\Program Files\Intel\WiFi\bin\;C:\Program Files\Common Files\Intel\WirelessCommon\;C:\WINDOWS\system32;C:\WINDOWS;C:\WINDOWS\System32\Wbem;C:\WINDOWS\System32\WindowsPowerShell\v1.0\;C:\Program Files (x86)\Git\cmd;C:\Program Files\Java\jdk1.8.0_161;C:\Program Files\nodejs\;D:\Softwares\Flutter\flutter\bin;C:\Users\vinay\AppData\Local\Microsoft\WindowsApps;C:\Program Files\Java\jdk1.8.0_161;D:\Programs\MicrosoftVSCode\bin;C:\Users\vinay\AppData\Roaming\npm;D:\Softwares\Flutter\flutter\bin;
USERNAME=vinay
OS=Windows_NT
PROCESSOR_IDENTIFIER=Intel64 Family 6 Model 142 Stepping 10, GenuineIntel



---------------  S Y S T E M  ---------------

OS: Windows 10.0 , 64 bit Build 16299 (10.0.16299.431)

CPU:total 8 (initial active 8) (4 cores per cpu, 2 threads per core) family 6 model 142 stepping 10, cmov, cx8, fxsr, mmx, sse, sse2, sse3, ssse3, sse4.1, sse4.2, popcnt, avx, avx2, aes, clmul, erms, 3dnowpref, lzcnt, ht, tsc, tscinvbit, bmi1, bmi2, adx

Memory: 4k page, physical 16657300k(5812644k free), swap 32148752k(4972k free)

vm_info: OpenJDK 64-Bit Server VM (25.152-b01) for windows-amd64 JRE (1.8.0_152-release-915-b01), built by "builder" with MS VC++ 10.0 (VS2010)

time: Mon May 21 14:56:05 2018
elapsed time: 26 seconds (0d 0h 0m 26s)

