#
# A fatal error has been detected by the Java Runtime Environment:
#
#  EXCEPTION_ACCESS_VIOLATION (0xc0000005) at pc=0x0000000002696f80, pid=10576, tid=0x00000000000012e0
#
# JRE version: OpenJDK Runtime Environment (8.0_112-b06) (build 1.8.0_112-release-b06)
# Java VM: OpenJDK 64-Bit Server VM (25.112-b06 mixed mode windows-amd64 compressed oops)
# Problematic frame:
# j  java.lang.invoke.InnerClassLambdaMetafactory$ForwardingMethodGenerator.<init>(Ljava/lang/invoke/InnerClassLambdaMetafactory;Ljdk/internal/org/objectweb/asm/MethodVisitor;)V+0
#
# Failed to write core dump. Minidumps are not enabled by default on client versions of Windows
#
# If you would like to submit a bug report, please visit:
#   http://bugreport.java.com/bugreport/crash.jsp
#

---------------  T H R E A D  ---------------

Current thread (0x000000001833a800):  JavaThread "Daemon worker Thread 2" [_thread_in_Java, id=4832, stack(0x000000002a020000,0x000000002a120000)]

siginfo: ExceptionCode=0xc0000005, writing address 0x00000008f06114e4

Registers:
RAX=0x00000000f060ee90, RBX=0x0000000800000014, RCX=0x00000000f06114d0, RDX=0x0000000000000000
RSP=0x000000002a11b1c8, RBP=0x000000002a11b208, RSI=0x000000002002c89d, RDI=0x0000000011430000
R8 =0x0000000000050000, R9 =0x0000000000000001, R10=0x0000000071e41680, R11=0x0000000000000002
R12=0x0000000000000000, R13=0x00000000189efb32, R14=0x000000002a11b228, R15=0x000000001833a800
RIP=0x0000000002696f80, EFLAGS=0x0000000000010216

Top of Stack: (sp=0x000000002a11b1c8)
0x000000002a11b1c8:   000000002a11b1c8 00000000189efb30
0x000000002a11b1d8:   000000002a11b228 00000000189f23b0
0x000000002a11b1e8:   0000000000000000 00000000189efb48
0x000000002a11b1f8:   0000000000000000 000000002a11b218
0x000000002a11b208:   000000002a11b278 000000000267809d
0x000000002a11b218:   00000000f0611200 00000000f060ee90
0x000000002a11b228:   00000000f06114d0 00000000f06114d0
0x000000002a11b238:   000000002a11b238 0000000014a61209
0x000000002a11b248:   000000002a11b2c8 00000000189e40e0
0x000000002a11b258:   0000000000000000 000000001893ff80
0x000000002a11b268:   000000002a11b218 000000002a11b2c8
0x000000002a11b278:   000000002a11b310 0000000002677e20
0x000000002a11b288:   0000000000000000 0000000000000000
0x000000002a11b298:   0000000000000000 00000000f0610260
0x000000002a11b2a8:   00000000f0611200 0000000000000000
0x000000002a11b2b8:   00000000f0610038 00000000f0610050 

Instructions: (pc=0x0000000002696f80)
0x0000000002696f60:   58 41 0f b7 5d 01 48 8b 4d d8 c1 e3 02 8b 54 d9
0x0000000002696f70:   28 48 8b 5c d9 20 c1 ea 15 83 e2 01 59 48 3b 01
0x0000000002696f80:   89 04 19 48 c1 e9 09 c6 04 0d 00 00 43 11 00 85
0x0000000002696f90:   d2 0f 84 05 00 00 00 f0 83 04 24 00 41 0f b6 5d 


Register to memory mapping:

RAX=0x00000000f060ee90 is an oop
java.lang.invoke.InnerClassLambdaMetafactory 
 - klass: 'java/lang/invoke/InnerClassLambdaMetafactory'
RBX=0x0000000800000014 is an unknown value
RCX=0x00000000f06114d0 is an oop
java.lang.invoke.InnerClassLambdaMetafactory$ForwardingMethodGenerator 
 - klass: 'java/lang/invoke/InnerClassLambdaMetafactory$ForwardingMethodGenerator'
RDX=0x0000000000000000 is an unknown value
RSP=0x000000002a11b1c8 is pointing into the stack for thread: 0x000000001833a800
RBP=0x000000002a11b208 is pointing into the stack for thread: 0x000000001833a800
RSI=0x000000002002c89d is an unknown value
RDI=0x0000000011430000 is an unknown value
R8 =0x0000000000050000 is an unknown value
R9 =0x0000000000000001 is an unknown value
R10=0x0000000071e41680 is an unknown value
R11=0x0000000000000002 is an unknown value
R12=0x0000000000000000 is an unknown value
R13=0x00000000189efb32 is pointing into metadata
R14=0x000000002a11b228 is pointing into the stack for thread: 0x000000001833a800
R15=0x000000001833a800 is a thread


Stack: [0x000000002a020000,0x000000002a120000],  sp=0x000000002a11b1c8,  free space=1004k
Native frames: (J=compiled Java code, j=interpreted, Vv=VM code, C=native code)
C  0x0000000002696f80


---------------  P R O C E S S  ---------------

Java Threads: ( => current thread )
  0x000000001833b000 JavaThread "Stdin handler" [_thread_blocked, id=5152, stack(0x000000002a220000,0x000000002a320000)]
  0x0000000018336800 JavaThread "Asynchronous log dispatcher for DefaultDaemonConnection: socket connection from /127.0.0.1:51796 to /127.0.0.1:51897" [_thread_blocked, id=1000, stack(0x000000002a120000,0x000000002a220000)]
=>0x000000001833a800 JavaThread "Daemon worker Thread 2" [_thread_in_Java, id=4832, stack(0x000000002a020000,0x000000002a120000)]
  0x0000000018337800 JavaThread "Cancel handler" [_thread_blocked, id=4836, stack(0x0000000029f20000,0x000000002a020000)]
  0x0000000018339800 JavaThread "Handler for socket connection from /127.0.0.1:51796 to /127.0.0.1:51897" [_thread_in_native, id=10128, stack(0x0000000029e20000,0x0000000029f20000)]
  0x0000000018335800 JavaThread "Daemon Thread 2" [_thread_blocked, id=8840, stack(0x0000000029d20000,0x0000000029e20000)]
  0x000000001833c000 JavaThread "Java2D Disposer" daemon [_thread_blocked, id=5820, stack(0x0000000023020000,0x0000000023120000)]
  0x0000000018118800 JavaThread "File lock request listener" [_thread_in_native, id=7384, stack(0x000000001a9a0000,0x000000001aaa0000)]
  0x00000000181ed800 JavaThread "pool-1-thread-1" [_thread_blocked, id=10056, stack(0x00000000192d0000,0x00000000193d0000)]
  0x0000000017f2f800 JavaThread "Incoming local TCP Connector on port 51796" [_thread_in_native, id=5180, stack(0x0000000018460000,0x0000000018560000)]
  0x00000000166b0800 JavaThread "Service Thread" daemon [_thread_blocked, id=7952, stack(0x0000000016a90000,0x0000000016b90000)]
  0x0000000014d4b000 JavaThread "C1 CompilerThread2" daemon [_thread_blocked, id=220, stack(0x0000000016590000,0x0000000016690000)]
  0x0000000014d3c800 JavaThread "C2 CompilerThread1" daemon [_thread_in_native, id=4996, stack(0x0000000016490000,0x0000000016590000)]
  0x0000000014d4a800 JavaThread "C2 CompilerThread0" daemon [_thread_in_native, id=11212, stack(0x0000000016390000,0x0000000016490000)]
  0x0000000014d48800 JavaThread "Attach Listener" daemon [_thread_blocked, id=11088, stack(0x0000000016290000,0x0000000016390000)]
  0x0000000014d47800 JavaThread "Signal Dispatcher" daemon [_thread_blocked, id=9988, stack(0x0000000016190000,0x0000000016290000)]
  0x000000000266c000 JavaThread "Finalizer" daemon [_thread_blocked, id=9060, stack(0x0000000015fa0000,0x00000000160a0000)]
  0x0000000002661800 JavaThread "Reference Handler" daemon [_thread_blocked, id=11032, stack(0x0000000015ea0000,0x0000000015fa0000)]
  0x0000000000c3e000 JavaThread "main" [_thread_blocked, id=5032, stack(0x0000000002470000,0x0000000002570000)]

Other Threads:
  0x0000000014d04800 VMThread [stack: 0x0000000015da0000,0x0000000015ea0000] [id=4480]
  0x00000000166b1000 WatcherThread [stack: 0x0000000016b90000,0x0000000016c90000] [id=9520]

VM state:not at safepoint (normal execution)

VM Mutex/Monitor currently owned by a thread: None

Heap:
 PSYoungGen      total 294912K, used 105206K [0x00000000eab00000, 0x00000000ffc00000, 0x0000000100000000)
  eden space 244736K, 38% used [0x00000000eab00000,0x00000000f0669b58,0x00000000f9a00000)
  from space 50176K, 23% used [0x00000000fcb00000,0x00000000fd654060,0x00000000ffc00000)
  to   space 50176K, 0% used [0x00000000f9a00000,0x00000000f9a00000,0x00000000fcb00000)
 ParOldGen       total 274944K, used 132278K [0x00000000c0000000, 0x00000000d0c80000, 0x00000000eab00000)
  object space 274944K, 48% used [0x00000000c0000000,0x00000000c812d988,0x00000000d0c80000)
 Metaspace       used 71980K, capacity 76922K, committed 77056K, reserved 1116160K
  class space    used 9441K, capacity 10481K, committed 10496K, reserved 1048576K

Card table byte_map: [0x0000000011a30000,0x0000000011c40000] byte_map_base: 0x0000000011430000

Marking Bits: (ParMarkBitMap*) 0x0000000071e518f0
 Begin Bits: [0x00000000121a0000, 0x00000000131a0000)
 End Bits:   [0x00000000131a0000, 0x00000000141a0000)

Polling page: 0x0000000000c10000

CodeCache: size=245760Kb used=46004Kb max_used=46030Kb free=199755Kb
 bounds [0x0000000002670000, 0x00000000053a0000, 0x0000000011670000]
 total_blobs=13901 nmethods=13006 adapters=806
 compilation: enabled

Compilation events (10 events):
Event: 394.561 Thread 0x0000000014d4b000 16282       2       org.gradle.api.internal.file.copy.DefaultCopySpec::addChildSpec (73 bytes)
Event: 394.562 Thread 0x0000000014d4b000 nmethod 16282 0x0000000005348750 code [0x0000000005348900, 0x0000000005348ca8]
Event: 394.564 Thread 0x0000000014d4b000 16283       2       org.gradle.api.internal.file.collections.DefaultConfigurableFileTree::setIncludes (6 bytes)
Event: 394.564 Thread 0x0000000014d4b000 nmethod 16283 0x00000000053482d0 code [0x0000000005348440, 0x00000000053485f8]
Event: 394.564 Thread 0x0000000014d4b000 16284       2       org.gradle.api.internal.file.collections.DefaultConfigurableFileTree::setExcludes (6 bytes)
Event: 394.565 Thread 0x0000000014d4b000 nmethod 16284 0x0000000005347e50 code [0x0000000005347fc0, 0x0000000005348178]
Event: 394.566 Thread 0x0000000014d4b000 16285       2       com.google.common.collect.ImmutableMap::of (38 bytes)
Event: 394.566 Thread 0x0000000014d4b000 nmethod 16285 0x00000000053470d0 code [0x00000000053472a0, 0x0000000005347948]
Event: 394.567 Thread 0x0000000014d4b000 16286       2       org.gradle.api.internal.tasks.DefaultTaskCollection::getByName (9 bytes)
Event: 394.568 Thread 0x0000000014d4b000 nmethod 16286 0x0000000005346190 code [0x0000000005346380, 0x0000000005346a08]

GC Heap History (10 events):
Event: 65.692 GC heap before
{Heap before GC invocations=26 (full 4):
 PSYoungGen      total 293376K, used 14541K [0x00000000eab00000, 0x0000000100000000, 0x0000000100000000)
  eden space 236032K, 0% used [0x00000000eab00000,0x00000000eab00000,0x00000000f9180000)
  from space 57344K, 25% used [0x00000000fc800000,0x00000000fd633630,0x0000000100000000)
  to   space 55808K, 0% used [0x00000000f9180000,0x00000000f9180000,0x00000000fc800000)
 ParOldGen       total 175616K, used 153263K [0x00000000c0000000, 0x00000000cab80000, 0x00000000eab00000)
  object space 175616K, 87% used [0x00000000c0000000,0x00000000c95abe38,0x00000000cab80000)
 Metaspace       used 71091K, capacity 75822K, committed 76032K, reserved 1114112K
  class space    used 9379K, capacity 10391K, committed 10496K, reserved 1048576K
Event: 66.243 GC heap after
Heap after GC invocations=26 (full 4):
 PSYoungGen      total 293376K, used 0K [0x00000000eab00000, 0x0000000100000000, 0x0000000100000000)
  eden space 236032K, 0% used [0x00000000eab00000,0x00000000eab00000,0x00000000f9180000)
  from space 57344K, 0% used [0x00000000fc800000,0x00000000fc800000,0x0000000100000000)
  to   space 55808K, 0% used [0x00000000f9180000,0x00000000f9180000,0x00000000fc800000)
 ParOldGen       total 274944K, used 129838K [0x00000000c0000000, 0x00000000d0c80000, 0x00000000eab00000)
  object space 274944K, 47% used [0x00000000c0000000,0x00000000c7ecb928,0x00000000d0c80000)
 Metaspace       used 71089K, capacity 75816K, committed 76032K, reserved 1114112K
  class space    used 9378K, capacity 10390K, committed 10496K, reserved 1048576K
}
Event: 71.561 GC heap before
{Heap before GC invocations=27 (full 4):
 PSYoungGen      total 293376K, used 236032K [0x00000000eab00000, 0x0000000100000000, 0x0000000100000000)
  eden space 236032K, 100% used [0x00000000eab00000,0x00000000f9180000,0x00000000f9180000)
  from space 57344K, 0% used [0x00000000fc800000,0x00000000fc800000,0x0000000100000000)
  to   space 55808K, 0% used [0x00000000f9180000,0x00000000f9180000,0x00000000fc800000)
 ParOldGen       total 274944K, used 129838K [0x00000000c0000000, 0x00000000d0c80000, 0x00000000eab00000)
  object space 274944K, 47% used [0x00000000c0000000,0x00000000c7ecb928,0x00000000d0c80000)
 Metaspace       used 71140K, capacity 75896K, committed 76288K, reserved 1116160K
  class space    used 9380K, capacity 10392K, committed 10496K, reserved 1048576K
Event: 71.585 GC heap after
Heap after GC invocations=27 (full 4):
 PSYoungGen      total 252928K, used 16764K [0x00000000eab00000, 0x00000000ff980000, 0x0000000100000000)
  eden space 236032K, 0% used [0x00000000eab00000,0x00000000eab00000,0x00000000f9180000)
  from space 16896K, 99% used [0x00000000f9180000,0x00000000fa1df3d0,0x00000000fa200000)
  to   space 53248K, 0% used [0x00000000fc580000,0x00000000fc580000,0x00000000ff980000)
 ParOldGen       total 274944K, used 129846K [0x00000000c0000000, 0x00000000d0c80000, 0x00000000eab00000)
  object space 274944K, 47% used [0x00000000c0000000,0x00000000c7ecd928,0x00000000d0c80000)
 Metaspace       used 71140K, capacity 75896K, committed 76288K, reserved 1116160K
  class space    used 9380K, capacity 10392K, committed 10496K, reserved 1048576K
}
Event: 78.436 GC heap before
{Heap before GC invocations=28 (full 4):
 PSYoungGen      total 252928K, used 252796K [0x00000000eab00000, 0x00000000ff980000, 0x0000000100000000)
  eden space 236032K, 100% used [0x00000000eab00000,0x00000000f9180000,0x00000000f9180000)
  from space 16896K, 99% used [0x00000000f9180000,0x00000000fa1df3d0,0x00000000fa200000)
  to   space 53248K, 0% used [0x00000000fc580000,0x00000000fc580000,0x00000000ff980000)
 ParOldGen       total 274944K, used 129846K [0x00000000c0000000, 0x00000000d0c80000, 0x00000000eab00000)
  object space 274944K, 47% used [0x00000000c0000000,0x00000000c7ecd928,0x00000000d0c80000)
 Metaspace       used 71289K, capacity 76050K, committed 76288K, reserved 1116160K
  class space    used 9389K, capacity 10407K, committed 10496K, reserved 1048576K
Event: 78.462 GC heap after
Heap after GC invocations=28 (full 4):
 PSYoungGen      total 289792K, used 9741K [0x00000000eab00000, 0x0000000100000000, 0x0000000100000000)
  eden space 236544K, 0% used [0x00000000eab00000,0x00000000eab00000,0x00000000f9200000)
  from space 53248K, 18% used [0x00000000fc580000,0x00000000fcf03420,0x00000000ff980000)
  to   space 52736K, 0% used [0x00000000f9200000,0x00000000f9200000,0x00000000fc580000)
 ParOldGen       total 274944K, used 132262K [0x00000000c0000000, 0x00000000d0c80000, 0x00000000eab00000)
  object space 274944K, 48% used [0x00000000c0000000,0x00000000c8129988,0x00000000d0c80000)
 Metaspace       used 71289K, capacity 76050K, committed 76288K, reserved 1116160K
  class space    used 9389K, capacity 10407K, committed 10496K, reserved 1048576K
}
Event: 86.246 GC heap before
{Heap before GC invocations=29 (full 4):
 PSYoungGen      total 289792K, used 246285K [0x00000000eab00000, 0x0000000100000000, 0x0000000100000000)
  eden space 236544K, 100% used [0x00000000eab00000,0x00000000f9200000,0x00000000f9200000)
  from space 53248K, 18% used [0x00000000fc580000,0x00000000fcf03420,0x00000000ff980000)
  to   space 52736K, 0% used [0x00000000f9200000,0x00000000f9200000,0x00000000fc580000)
 ParOldGen       total 274944K, used 132262K [0x00000000c0000000, 0x00000000d0c80000, 0x00000000eab00000)
  object space 274944K, 48% used [0x00000000c0000000,0x00000000c8129988,0x00000000d0c80000)
 Metaspace       used 71492K, capacity 76436K, committed 76544K, reserved 1116160K
  class space    used 9414K, capacity 10450K, committed 10496K, reserved 1048576K
Event: 86.256 GC heap after
Heap after GC invocations=29 (full 4):
 PSYoungGen      total 289280K, used 6560K [0x00000000eab00000, 0x00000000ffd80000, 0x0000000100000000)
  eden space 236544K, 0% used [0x00000000eab00000,0x00000000eab00000,0x00000000f9200000)
  from space 52736K, 12% used [0x00000000f9200000,0x00000000f9868040,0x00000000fc580000)
  to   space 51712K, 0% used [0x00000000fcb00000,0x00000000fcb00000,0x00000000ffd80000)
 ParOldGen       total 274944K, used 132270K [0x00000000c0000000, 0x00000000d0c80000, 0x00000000eab00000)
  object space 274944K, 48% used [0x00000000c0000000,0x00000000c812b988,0x00000000d0c80000)
 Metaspace       used 71492K, capacity 76436K, committed 76544K, reserved 1116160K
  class space    used 9414K, capacity 10450K, committed 10496K, reserved 1048576K
}
Event: 392.753 GC heap before
{Heap before GC invocations=30 (full 4):
 PSYoungGen      total 289280K, used 243104K [0x00000000eab00000, 0x00000000ffd80000, 0x0000000100000000)
  eden space 236544K, 100% used [0x00000000eab00000,0x00000000f9200000,0x00000000f9200000)
  from space 52736K, 12% used [0x00000000f9200000,0x00000000f9868040,0x00000000fc580000)
  to   space 51712K, 0% used [0x00000000fcb00000,0x00000000fcb00000,0x00000000ffd80000)
 ParOldGen       total 274944K, used 132270K [0x00000000c0000000, 0x00000000d0c80000, 0x00000000eab00000)
  object space 274944K, 48% used [0x00000000c0000000,0x00000000c812b988,0x00000000d0c80000)
 Metaspace       used 71818K, capacity 76810K, committed 77056K, reserved 1116160K
  class space    used 9432K, capacity 10473K, committed 10496K, reserved 1048576K
Event: 392.768 GC heap after
Heap after GC invocations=30 (full 4):
 PSYoungGen      total 294912K, used 11600K [0x00000000eab00000, 0x00000000ffc00000, 0x0000000100000000)
  eden space 244736K, 0% used [0x00000000eab00000,0x00000000eab00000,0x00000000f9a00000)
  from space 50176K, 23% used [0x00000000fcb00000,0x00000000fd654060,0x00000000ffc00000)
  to   space 50176K, 0% used [0x00000000f9a00000,0x00000000f9a00000,0x00000000fcb00000)
 ParOldGen       total 274944K, used 132278K [0x00000000c0000000, 0x00000000d0c80000, 0x00000000eab00000)
  object space 274944K, 48% used [0x00000000c0000000,0x00000000c812d988,0x00000000d0c80000)
 Metaspace       used 71818K, capacity 76810K, committed 77056K, reserved 1116160K
  class space    used 9432K, capacity 10473K, committed 10496K, reserved 1048576K
}

Deoptimization events (10 events):
Event: 392.857 Thread 0x000000001833a800 Uncommon trap: reason=unstable_if action=reinterpret pc=0x000000000518cbd4 method=com.sun.org.apache.xerces.internal.jaxp.SAXParserImpl.<init>(Lcom/sun/org/apache/xerces/internal/jaxp/SAXParserFactoryImpl;Ljava/util/Map;Z)V @ 134
Event: 392.857 Thread 0x000000001833a800 Uncommon trap: reason=unstable_if action=reinterpret pc=0x0000000005171fa0 method=com.sun.org.apache.xerces.internal.jaxp.SAXParserImpl.setFeatures(Ljava/util/Map;)V @ 1
Event: 392.990 Thread 0x000000001833a800 Uncommon trap: reason=class_check action=maybe_recompile pc=0x0000000004ac3b5c method=org.gradle.util.SingleMessageLogger.whileDisabled(Lorg/gradle/internal/Factory;)Ljava/lang/Object; @ 11
Event: 392.995 Thread 0x000000001833a800 Uncommon trap: reason=class_check action=maybe_recompile pc=0x0000000004ac3b5c method=org.gradle.util.SingleMessageLogger.whileDisabled(Lorg/gradle/internal/Factory;)Ljava/lang/Object; @ 11
Event: 393.002 Thread 0x000000001833a800 Uncommon trap: reason=class_check action=maybe_recompile pc=0x0000000004bef5f8 method=com.google.common.collect.AbstractMapBasedMultimap.iteratorOrListIterator(Ljava/util/Collection;)Ljava/util/Iterator; @ 1
Event: 393.002 Thread 0x000000001833a800 Uncommon trap: reason=class_check action=maybe_recompile pc=0x0000000005036f20 method=com.google.common.collect.AbstractMapBasedMultimap$WrappedCollection.size()I @ 8
Event: 393.002 Thread 0x000000001833a800 Uncommon trap: reason=class_check action=maybe_recompile pc=0x0000000004bed628 method=com.google.common.collect.AbstractMapBasedMultimap$WrappedCollection$WrappedIterator.next()Ljava/lang/Object; @ 8
Event: 393.113 Thread 0x000000001833a800 Uncommon trap: reason=class_check action=maybe_recompile pc=0x0000000003972218 method=com.google.common.collect.AbstractMapBasedMultimap.iteratorOrListIterator(Ljava/util/Collection;)Ljava/util/Iterator; @ 1
Event: 394.512 Thread 0x000000001833a800 Uncommon trap: reason=unstable_if action=reinterpret pc=0x0000000003131ae8 method=org.gradle.api.internal.file.collections.jdk7.Jdk7DirectoryWalker$1.preVisitDirectory(Ljava/nio/file/Path;Ljava/nio/file/attribute/BasicFileAttributes;)Ljava/nio/file/FileVis:V"„©x@
Event: 394.564 Thread 0x000000001833a800 Uncommon trap: reason=null_check action=make_not_entrant pc=0x0000000004dd5904 method=org.codehaus.groovy.runtime.typehandling.DefaultTypeTransformation.castToType(Ljava/lang/Object;Ljava/lang/Class;)Ljava/lang/Object; @ 65

Internal exceptions (10 events):
Event: 73.233 Thread 0x00000000181ef000 Implicit null exception at 0x000000000356095a to 0x0000000003562321
Event: 73.233 Thread 0x00000000181ef000 Implicit null exception at 0x000000000489ca0d to 0x000000000489cbd5
Event: 76.705 Thread 0x00000000181ef000 Implicit null exception at 0x0000000004c00c66 to 0x0000000004c02369
Event: 85.104 Thread 0x00000000181ef000 Implicit null exception at 0x000000000492c37c to 0x000000000492cfad
Event: 90.662 Thread 0x00000000181ef000 Exception <a 'sun/nio/fs/WindowsException'> (0x00000000f4cade30) thrown at [C:\src\android\AOSP-openjdk\external\jetbrains\jdk\hotspot\src\share\vm\prims\jni.cpp, line 709]
Event: 90.679 Thread 0x00000000181ef000 Implicit null exception at 0x0000000004d9ccaf to 0x0000000004d9ce25
Event: 391.232 Thread 0x000000001833a800 Exception <a 'java/lang/ClassNotFoundException': asLocalRepo5469_c1jmjmsedsrnemzb7h2kj5rppBeanInfo> (0x00000000f5f4b0e0) thrown at [C:\src\android\AOSP-openjdk\external\jetbrains\jdk\hotspot\src\share\vm\classfile\systemDictionary.cpp, line 210]
Event: 391.233 Thread 0x000000001833a800 Exception <a 'java/lang/ClassNotFoundException': asLocalRepo5469_c1jmjmsedsrnemzb7h2kj5rppCustomizer> (0x00000000f5f56710) thrown at [C:\src\android\AOSP-openjdk\external\jetbrains\jdk\hotspot\src\share\vm\classfile\systemDictionary.cpp, line 210]
Event: 392.857 Thread 0x000000001833a800 Implicit null exception at 0x000000000518ae8f to 0x000000000518cbc5
Event: 392.857 Thread 0x000000001833a800 Implicit null exception at 0x0000000005171a93 to 0x0000000005171f95

Events (10 events):
Event: 394.573 loading class com/android/build/gradle/internal/transforms/InstantRunTransform
Event: 394.573 loading class com/android/build/gradle/internal/transforms/InstantRunTransform done
Event: 394.574 loading class com/android/build/gradle/internal/transforms/InstantRunDex
Event: 394.574 loading class com/android/build/gradle/internal/transforms/InstantRunDex done
Event: 394.575 loading class com/android/builder/core/DexByteCodeConverter
Event: 394.575 loading class com/android/builder/core/DexByteCodeConverter done
Event: 394.575 loading class com/android/builder/core/DexByteCodeConverter
Event: 394.575 loading class com/android/builder/core/DexByteCodeConverter done
Event: 394.575 loading class com/android/builder/core/AndroidBuilder
Event: 394.575 loading class com/android/builder/core/AndroidBuilder done


Dynamic libraries:
0x00007ff761740000 - 0x00007ff761771000 	C:\Program Files\Android\Android Studio\jre\bin\java.exe
0x00007ffe77290000 - 0x00007ffe77461000 	C:\Windows\SYSTEM32\ntdll.dll
0x00007ffe771e0000 - 0x00007ffe7728b000 	C:\Windows\System32\KERNEL32.DLL
0x00007ffe739a0000 - 0x00007ffe73bbd000 	C:\Windows\System32\KERNELBASE.dll
0x00007ffe77050000 - 0x00007ffe770f2000 	C:\Windows\System32\ADVAPI32.dll
0x00007ffe753b0000 - 0x00007ffe7544e000 	C:\Windows\System32\msvcrt.dll
0x00007ffe74830000 - 0x00007ffe74889000 	C:\Windows\System32\sechost.dll
0x00007ffe76cd0000 - 0x00007ffe76df1000 	C:\Windows\System32\RPCRT4.dll
0x00007ffe76ee0000 - 0x00007ffe77045000 	C:\Windows\System32\USER32.dll
0x00007ffe73980000 - 0x00007ffe7399e000 	C:\Windows\System32\win32u.dll
0x00007ffe75370000 - 0x00007ffe753a4000 	C:\Windows\System32\GDI32.dll
0x00007ffe737f0000 - 0x00007ffe73972000 	C:\Windows\System32\gdi32full.dll
0x00007ffe66cc0000 - 0x00007ffe66f3a000 	C:\Windows\WinSxS\amd64_microsoft.windows.common-controls_6595b64144ccf1df_6.0.14393.953_none_42151e83c686086b\COMCTL32.dll
0x00007ffe750a0000 - 0x00007ffe75368000 	C:\Windows\System32\combase.dll
0x00007ffe745c0000 - 0x00007ffe746b5000 	C:\Windows\System32\ucrtbase.dll
0x00007ffe73780000 - 0x00007ffe737ea000 	C:\Windows\System32\bcryptPrimitives.dll
0x00007ffe76e10000 - 0x00007ffe76e3e000 	C:\Windows\System32\IMM32.DLL
0x0000000072270000 - 0x0000000072342000 	C:\Program Files\Android\Android Studio\jre\jre\bin\msvcr100.dll
0x0000000071690000 - 0x0000000071ecc000 	C:\Program Files\Android\Android Studio\jre\jre\bin\server\jvm.dll
0x00007ffe76e00000 - 0x00007ffe76e08000 	C:\Windows\System32\PSAPI.DLL
0x00007ffe61a00000 - 0x00007ffe61a09000 	C:\Windows\SYSTEM32\WSOCK32.dll
0x00007ffe77160000 - 0x00007ffe771ca000 	C:\Windows\System32\WS2_32.dll
0x00007ffe71a30000 - 0x00007ffe71a53000 	C:\Windows\SYSTEM32\WINMM.dll
0x00007ffe66350000 - 0x00007ffe6635a000 	C:\Windows\SYSTEM32\VERSION.dll
0x00007ffe719d0000 - 0x00007ffe719fb000 	C:\Windows\SYSTEM32\WINMMBASE.dll
0x00007ffe73bc0000 - 0x00007ffe73c02000 	C:\Windows\System32\cfgmgr32.dll
0x00007ffe62ca0000 - 0x00007ffe62caf000 	C:\Program Files\Android\Android Studio\jre\jre\bin\verify.dll
0x00007ffe50870000 - 0x00007ffe50899000 	C:\Program Files\Android\Android Studio\jre\jre\bin\java.dll
0x00007ffe5e040000 - 0x00007ffe5e056000 	C:\Program Files\Android\Android Studio\jre\jre\bin\zip.dll
0x00007ffe754b0000 - 0x00007ffe769b9000 	C:\Windows\System32\SHELL32.dll
0x00007ffe73e80000 - 0x00007ffe7455a000 	C:\Windows\System32\windows.storage.dll
0x00007ffe73720000 - 0x00007ffe7376c000 	C:\Windows\System32\powrprof.dll
0x00007ffe77100000 - 0x00007ffe77152000 	C:\Windows\System32\shlwapi.dll
0x00007ffe73710000 - 0x00007ffe7371f000 	C:\Windows\System32\kernel.appcore.dll
0x00007ffe746c0000 - 0x00007ffe74769000 	C:\Windows\System32\shcore.dll
0x00007ffe736f0000 - 0x00007ffe73704000 	C:\Windows\System32\profapi.dll
0x00007ffe5d790000 - 0x00007ffe5d7aa000 	C:\Program Files\Android\Android Studio\jre\jre\bin\net.dll
0x00007ffe73020000 - 0x00007ffe7307c000 	C:\Windows\system32\mswsock.dll
0x00007ffe61830000 - 0x00007ffe61841000 	C:\Program Files\Android\Android Studio\jre\jre\bin\nio.dll
0x00007ffe5fb90000 - 0x00007ffe5fbae000 	C:\Users\Admin\.gradle\native\23\windows-amd64\native-platform.dll
0x00007ffe731c0000 - 0x00007ffe731d7000 	C:\Windows\SYSTEM32\CRYPTSP.dll
0x00007ffe72c20000 - 0x00007ffe72c53000 	C:\Windows\system32\rsaenh.dll
0x00007ffe732d0000 - 0x00007ffe732fb000 	C:\Windows\SYSTEM32\bcrypt.dll
0x00007ffe72ea0000 - 0x00007ffe72ebf000 	C:\Windows\SYSTEM32\USERENV.dll
0x00007ffe731e0000 - 0x00007ffe731eb000 	C:\Windows\SYSTEM32\CRYPTBASE.dll
0x00007ffe72da0000 - 0x00007ffe72dd8000 	C:\Windows\SYSTEM32\IPHLPAPI.DLL
0x00007ffe74820000 - 0x00007ffe74828000 	C:\Windows\System32\NSI.dll
0x00007ffe6cd60000 - 0x00007ffe6cd76000 	C:\Windows\SYSTEM32\dhcpcsvc6.DLL
0x00007ffe6e220000 - 0x00007ffe6e23a000 	C:\Windows\SYSTEM32\dhcpcsvc.DLL
0x00007ffe69360000 - 0x00007ffe6936d000 	C:\Program Files\Android\Android Studio\jre\jre\bin\management.dll
0x00007ffe72af0000 - 0x00007ffe72b22000 	C:\Windows\SYSTEM32\ntmarta.dll
0x00007ffe5f820000 - 0x00007ffe5f844000 	C:\Program Files\Android\Android Studio\jre\jre\bin\sunec.dll
0x00007ffe72de0000 - 0x00007ffe72e81000 	C:\Windows\SYSTEM32\DNSAPI.dll
0x00000000737a0000 - 0x00000000737c6000 	C:\Program Files\Bonjour\mdnsNSP.dll
0x00007ffe629d0000 - 0x00007ffe629da000 	C:\Windows\System32\rasadhlp.dll
0x00007ffe6c810000 - 0x00007ffe6c87a000 	C:\Windows\System32\fwpuclnt.dll
0x00007ffe693a0000 - 0x00007ffe693ab000 	C:\Program Files\Android\Android Studio\jre\jre\bin\sunmscapi.dll
0x00007ffe73c10000 - 0x00007ffe73dd9000 	C:\Windows\System32\CRYPT32.dll
0x00007ffe73770000 - 0x00007ffe73780000 	C:\Windows\System32\MSASN1.dll
0x00007ffe44d60000 - 0x00007ffe44ef3000 	C:\Program Files\Android\Android Studio\jre\jre\bin\awt.dll
0x00007ffe76b90000 - 0x00007ffe76c4f000 	C:\Windows\System32\OLEAUT32.dll
0x00007ffe73de0000 - 0x00007ffe73e7c000 	C:\Windows\System32\msvcp_win.dll
0x00007ffe71b30000 - 0x00007ffe71baa000 	C:\Windows\SYSTEM32\apphelp.dll
0x00007ffe70d80000 - 0x00007ffe70da6000 	C:\Windows\system32\DWMAPI.DLL
0x00007ffe71dc0000 - 0x00007ffe71e55000 	C:\Windows\system32\uxtheme.dll
0x00007ffe61a30000 - 0x00007ffe61bc2000 	C:\Windows\SYSTEM32\dbghelp.dll

VM Arguments:
jvm_args: -XX:MaxPermSize=256m -XX:+HeapDumpOnOutOfMemoryError -Xmx1024m -Dfile.encoding=windows-1252 -Duser.country=IN -Duser.language=en -Duser.variant 
java_command: org.gradle.launcher.daemon.bootstrap.GradleDaemon 3.3
java_class_path (initial): C:\Users\Admin\.gradle\wrapper\dists\gradle-3.3-all\55gk2rcmfc6p2dg9u9ohc3hw9\gradle-3.3\lib\gradle-launcher-3.3.jar
Launcher Type: SUN_STANDARD

Environment Variables:
JAVA_HOME=C:\Program Files\Java\jdk1.8.0_111\bin
PATH=C:\ProgramData\Oracle\Java\javapath;C:\Program Files (x86)\Intel\iCLS Client\;C:\Program Files\Intel\iCLS Client\;C:\Windows\system32;C:\Windows;C:\Windows\System32\Wbem;C:\Windows\System32\WindowsPowerShell\v1.0\;C:\Program Files (x86)\Intel\Intel(R) Management Engine Components\DAL;C:\Program Files\Intel\Intel(R) Management Engine Components\DAL;C:\Program Files (x86)\Intel\Intel(R) Management Engine Components\IPT;C:\Program Files\Intel\Intel(R) Management Engine Components\IPT;C:\Program Files (x86)\NVIDIA Corporation\PhysX\Common;C:\Program Files\Intel\WiFi\bin\;C:\Program Files\Common Files\Intel\WirelessCommon\;C:\Program Files\Git\bin;C:\OpenSSL\bin;%JAVA_HOME%;C:\Users\Admin\AppData\Local\Programs\Python\Python35\Scripts\;C:\Users\Admin\AppData\Local\Programs\Python\Python35\;C:\Users\Admin\AppData\Local\Microsoft\WindowsApps;;C:\Program Files (x86)\Microsoft VS Code\bin
USERNAME=Admin
OS=Windows_NT
PROCESSOR_IDENTIFIER=Intel64 Family 6 Model 78 Stepping 3, GenuineIntel



---------------  S Y S T E M  ---------------

OS: Windows 10.0 , 64 bit Build 14393 (10.0.14393.0)

CPU:total 4 (2 cores per cpu, 2 threads per core) family 6 model 78 stepping 3, cmov, cx8, fxsr, mmx, sse, sse2, sse3, ssse3, sse4.1, sse4.2, popcnt, avx, avx2, aes, clmul, erms, 3dnowpref, lzcnt, ht, tsc, tscinvbit, bmi1, bmi2, adx

Memory: 4k page, physical 8272272k(1686512k free), swap 10636780k(2046320k free)

vm_info: OpenJDK 64-Bit Server VM (25.112-b06) for windows-amd64 JRE (1.8.0_112-release-b06), built on Dec  8 2016 00:54:26 by "builder" with MS VC++ 10.0 (VS2010)

time: Mon Apr 03 20:22:45 2017
elapsed time: 394 seconds (0d 0h 6m 34s)

