#
# A fatal error has been detected by the Java Runtime Environment:
#
#  EXCEPTION_ACCESS_VIOLATION (0xc0000005) at pc=0x00000000777eea76, pid=10500, tid=0x00000000000010b0
#
# JRE version: Java(TM) SE Runtime Environment (8.0_111-b14) (build 1.8.0_111-b14)
# Java VM: Java HotSpot(TM) 64-Bit Server VM (25.111-b14 mixed mode windows-amd64 compressed oops)
# Problematic frame:
# V  [jvm.dll+0x8ea76]
#
# Failed to write core dump. Minidumps are not enabled by default on client versions of Windows
#
# If you would like to submit a bug report, please visit:
#   http://bugreport.java.com/bugreport/crash.jsp
#

---------------  T H R E A D  ---------------

Current thread (0x0000000017f96000):  JavaThread "C1 CompilerThread2" daemon [_thread_in_vm, id=4272, stack(0x0000000019b80000,0x0000000019c80000)]

siginfo: ExceptionCode=0xc0000005, reading address 0x0000006077d50d70

Registers:
RAX=0x0000000008caab10, RBX=0x00000000042e19c0, RCX=0x0000000008caab10, RDX=0x0000006077d50d68
RSP=0x0000000019c7f630, RBP=0x0000000019c7f6e9, RSI=0x0000000008ca9210, RDI=0x0000000008caab10
R8 =0x00000000042e19c0, R9 =0x00000000045d0000, R10=0x0000000008ca66f0, R11=0x0000000008ca68c0
R12=0x000000000000050d, R13=0x000000000000050e, R14=0x00000000000001b0, R15=0x00000000000005ee
RIP=0x00000000777eea76, EFLAGS=0x0000000000010202

Top of Stack: (sp=0x0000000019c7f630)
0x0000000019c7f630:   0000000000080158 00000000042ed000
0x0000000019c7f640:   0000000019c7f6e9 0000000008ca65d0
0x0000000019c7f650:   00000000042e8ac0 000000007799aebe
0x0000000019c7f660:   00000000042e8ac0 0000000019c7f6e9
0x0000000019c7f670:   0000000008ca9210 00000000042e8ac0
0x0000000019c7f680:   0000000000000000 00000000000058a2
0x0000000019c7f690:   00000000248db1a0 000000001c3cdbe0
0x0000000019c7f6a0:   000000001c3cdc30 000000002071b9a0
0x0000000019c7f6b0:   0000000000000000 0000000000000000
0x0000000019c7f6c0:   0000000000000000 000000001fb33cc0
0x0000000019c7f6d0:   0000000000000000 0000000000000000
0x0000000019c7f6e0:   0000000000000000 0000000000000000
0x0000000019c7f6f0:   00000009ce631536 000027398b37eabe
0x0000000019c7f700:   0000000020c40930 0000000000000000
0x0000000019c7f710:   0000000000000000 0000000000000000
0x0000000019c7f720:   0000000077d52468 0000000017f59680 

Instructions: (pc=0x00000000777eea76)
0x00000000777eea56:   00 48 8b cb 48 8b d0 e8 ee 25 05 00 48 8b f8 48
0x00000000777eea66:   85 c0 74 51 66 0f 1f 44 00 00 48 8b 17 48 8b cf
0x00000000777eea76:   ff 52 08 84 c0 75 3b 48 8b 1d d4 55 76 00 48 8b
0x00000000777eea86:   d7 48 8b cb e8 01 1f 05 00 48 8b cb 48 8b d0 e8 


Register to memory mapping:

RAX=
[error occurred during error reporting (printing register info), id 0xc0000005]

Stack: [0x0000000019b80000,0x0000000019c80000],  sp=0x0000000019c7f630,  free space=1021k
Native frames: (J=compiled Java code, j=interpreted, Vv=VM code, C=native code)
V  [jvm.dll+0x8ea76]
V  [jvm.dll+0x23aebe]
V  [jvm.dll+0x23b22c]
V  [jvm.dll+0xa5c47]
V  [jvm.dll+0xa5f20]
V  [jvm.dll+0x244b7f]
V  [jvm.dll+0x29c43a]
C  [msvcr100.dll+0x21d9f]
C  [msvcr100.dll+0x21e3b]
C  [KERNEL32.DLL+0x11fe4]
C  [ntdll.dll+0x6ef91]


---------------  P R O C E S S  ---------------

Java Threads: ( => current thread )
  0x000000001b1e0000 JavaThread "Cache worker for file hash cache (C:\NFSource\nowfloats\boost\.gradle\4.1\fileHashes)" [_thread_blocked, id=12144, stack(0x000000005f940000,0x000000005fa40000)]
  0x000000001b1e5800 JavaThread "Stdin handler" [_thread_blocked, id=10032, stack(0x000000005f840000,0x000000005f940000)]
  0x000000001b1e7000 JavaThread "Asynchronous log dispatcher for DefaultDaemonConnection: socket connection from /127.0.0.1:50043 to /127.0.0.1:52162" [_thread_blocked, id=12232, stack(0x000000005f740000,0x000000005f840000)]
  0x000000001b1e6000 JavaThread "Daemon worker Thread 14" [_thread_blocked, id=3412, stack(0x000000005f640000,0x000000005f740000)]
  0x000000001b1e2800 JavaThread "Cancel handler" [_thread_blocked, id=960, stack(0x000000005f540000,0x000000005f640000)]
  0x000000001b1e4000 JavaThread "Handler for socket connection from /127.0.0.1:50043 to /127.0.0.1:52162" [_thread_in_native, id=1412, stack(0x000000005f440000,0x000000005f540000)]
  0x000000001b1e3000 JavaThread "Daemon Thread 14" [_thread_blocked, id=11084, stack(0x000000005f340000,0x000000005f440000)]
  0x000000001f31d000 JavaThread "Memory manager" [_thread_blocked, id=6756, stack(0x0000000022b90000,0x0000000022c90000)]
  0x000000001b521800 JavaThread "pool-1-thread-1" [_thread_blocked, id=10932, stack(0x0000000022890000,0x0000000022990000)]
  0x000000001b525800 JavaThread "File lock request listener" [_thread_in_native, id=10696, stack(0x000000001fd30000,0x000000001fe30000)]
  0x000000001b523000 JavaThread "Cache worker for file hash cache (C:\Users\Admin\.gradle\caches\4.1\fileHashes)" [_thread_blocked, id=6680, stack(0x000000001da90000,0x000000001db90000)]
  0x000000001ae31000 JavaThread "Daemon periodic checks" [_thread_blocked, id=2196, stack(0x000000001d290000,0x000000001d390000)]
  0x000000001ae36800 JavaThread "Incoming local TCP Connector on port 50043" [_thread_in_native, id=10356, stack(0x000000001cca0000,0x000000001cda0000)]
  0x000000001b48a000 JavaThread "Daemon health stats" [_thread_blocked, id=10436, stack(0x000000001b650000,0x000000001b750000)]
  0x0000000017f9b800 JavaThread "Service Thread" daemon [_thread_blocked, id=10172, stack(0x0000000019c80000,0x0000000019d80000)]
=>0x0000000017f96000 JavaThread "C1 CompilerThread2" daemon [_thread_in_vm, id=4272, stack(0x0000000019b80000,0x0000000019c80000)]
  0x0000000017f93800 JavaThread "C2 CompilerThread1" daemon [_thread_blocked, id=3912, stack(0x0000000019680000,0x0000000019780000)]
  0x0000000017f3e800 JavaThread "C2 CompilerThread0" daemon [_thread_blocked, id=1476, stack(0x0000000019580000,0x0000000019680000)]
  0x0000000017f3d000 JavaThread "Attach Listener" daemon [_thread_blocked, id=7128, stack(0x0000000019480000,0x0000000019580000)]
  0x0000000017f39800 JavaThread "Signal Dispatcher" daemon [_thread_blocked, id=5532, stack(0x0000000019380000,0x0000000019480000)]
  0x0000000017f2a800 JavaThread "Finalizer" daemon [_thread_blocked, id=10604, stack(0x0000000019190000,0x0000000019290000)]
  0x00000000045bf800 JavaThread "Reference Handler" daemon [_thread_blocked, id=10568, stack(0x0000000019090000,0x0000000019190000)]
  0x00000000044d0800 JavaThread "main" [_thread_blocked, id=1676, stack(0x00000000043d0000,0x00000000044d0000)]

Other Threads:
  0x0000000017f07800 VMThread [stack: 0x0000000018f90000,0x0000000019090000] [id=8068]
  0x000000001979b800 WatcherThread [stack: 0x0000000019d80000,0x0000000019e80000] [id=10124]

VM state:synchronizing (normal execution)

VM Mutex/Monitor currently owned by a thread:  ([mutex/lock_event])
[0x00000000042e8ac0] CodeCache_lock - owner thread: 0x0000000017f96000
[0x00000000042ecd70] Threads_lock - owner thread: 0x0000000017f07800

Heap:
 PSYoungGen      total 430592K, used 269525K [0x00000000e0000000, 0x0000000100000000, 0x0000000100000000)
  eden space 344576K, 76% used [0x00000000e0000000,0x00000000f00d7f68,0x00000000f5080000)
  from space 86016K, 7% used [0x00000000f5080000,0x00000000f56dd4a0,0x00000000fa480000)
  to   space 85504K, 0% used [0x00000000fac80000,0x00000000fac80000,0x0000000100000000)
 ParOldGen       total 402944K, used 354767K [0x00000000a0000000, 0x00000000b8980000, 0x00000000e0000000)
  object space 402944K, 88% used [0x00000000a0000000,0x00000000b5a73c38,0x00000000b8980000)
 Metaspace       used 94061K, capacity 103532K, committed 103728K, reserved 1138688K
  class space    used 11981K, capacity 14073K, committed 14128K, reserved 1048576K

Card table byte_map: [0x0000000013990000,0x0000000013ca0000] byte_map_base: 0x0000000013490000

Marking Bits: (ParMarkBitMap*) 0x0000000077f7a6c0
 Begin Bits: [0x00000000142a0000, 0x0000000015aa0000)
 End Bits:   [0x0000000015aa0000, 0x00000000172a0000)

Polling page: 0x00000000042b0000

CodeCache: size=245760Kb used=94724Kb max_used=94878Kb free=151035Kb
 bounds [0x00000000045d0000, 0x000000000a320000, 0x00000000135d0000]
 total_blobs=25171 nmethods=24294 adapters=787
 compilation: enabled

Compilation events (10 events):
Event: 16633.518 Thread 0x0000000017f96000 34888       3       java.util.concurrent.ScheduledThreadPoolExecutor$ScheduledFutureTask::<init> (38 bytes)
Event: 16633.520 Thread 0x0000000017f96000 nmethod 34888 0x0000000006b3f710 code [0x0000000006b3f8c0, 0x0000000006b3ff48]
Event: 16638.904 Thread 0x0000000017f96000 34889       3       org.gradle.internal.serialize.DefaultSerializerRegistry::register (13 bytes)
Event: 16638.904 Thread 0x0000000017f96000 nmethod 34889 0x0000000006187e90 code [0x0000000006188000, 0x0000000006188228]
Event: 16638.910 Thread 0x0000000017f96000 34890       1       org.gradle.launcher.exec.DefaultBuildActionParameters::getCurrentDir (5 bytes)
Event: 16638.911 Thread 0x0000000017f96000 nmethod 34890 0x0000000004961c90 code [0x0000000004961de0, 0x0000000004961ef0]
Event: 16638.913 Thread 0x0000000017f96000 34891       3       org.gradle.launcher.daemon.server.api.DaemonCommandExecution::proceed (35 bytes)
Event: 16638.914 Thread 0x0000000017f96000 nmethod 34891 0x0000000005f5f550 code [0x0000000005f5f6e0, 0x0000000005f5fbe8]
Event: 16638.942 Thread 0x0000000017f96000 34892       1       org.gradle.internal.SystemProperties::getNonStandardImportantProperties (4 bytes)
Event: 16638.942 Thread 0x0000000017f96000 nmethod 34892 0x00000000050bf090 code [0x00000000050bf1e0, 0x00000000050bf2f0]

GC Heap History (10 events):
Event: 16358.586 GC heap before
{Heap before GC invocations=121 (full 8):
 PSYoungGen      total 432640K, used 363256K [0x00000000e0000000, 0x00000000ffa80000, 0x0000000100000000)
  eden space 352768K, 98% used [0x00000000e0000000,0x00000000f544e480,0x00000000f5880000)
  from space 79872K, 18% used [0x00000000fac80000,0x00000000fbaefea8,0x00000000ffa80000)
  to   space 82944K, 0% used [0x00000000f5880000,0x00000000f5880000,0x00000000fa980000)
 ParOldGen       total 402944K, used 273872K [0x00000000a0000000, 0x00000000b8980000, 0x00000000e0000000)
  object space 402944K, 67% used [0x00000000a0000000,0x00000000b0b74180,0x00000000b8980000)
 Metaspace       used 93987K, capacity 103456K, committed 103728K, reserved 1138688K
  class space    used 11980K, capacity 14071K, committed 14128K, reserved 1048576K
Event: 16358.652 GC heap after
Heap after GC invocations=121 (full 8):
 PSYoungGen      total 416768K, used 63688K [0x00000000e0000000, 0x0000000100000000, 0x0000000100000000)
  eden space 352768K, 0% used [0x00000000e0000000,0x00000000e0000000,0x00000000f5880000)
  from space 64000K, 99% used [0x00000000f5880000,0x00000000f96b2350,0x00000000f9700000)
  to   space 90112K, 0% used [0x00000000fa800000,0x00000000fa800000,0x0000000100000000)
 ParOldGen       total 402944K, used 283931K [0x00000000a0000000, 0x00000000b8980000, 0x00000000e0000000)
  object space 402944K, 70% used [0x00000000a0000000,0x00000000b1546db0,0x00000000b8980000)
 Metaspace       used 93987K, capacity 103456K, committed 103728K, reserved 1138688K
  class space    used 11980K, capacity 14071K, committed 14128K, reserved 1048576K
}
Event: 16367.302 GC heap before
{Heap before GC invocations=122 (full 8):
 PSYoungGen      total 416768K, used 416456K [0x00000000e0000000, 0x0000000100000000, 0x0000000100000000)
  eden space 352768K, 100% used [0x00000000e0000000,0x00000000f5880000,0x00000000f5880000)
  from space 64000K, 99% used [0x00000000f5880000,0x00000000f96b2350,0x00000000f9700000)
  to   space 90112K, 0% used [0x00000000fa800000,0x00000000fa800000,0x0000000100000000)
 ParOldGen       total 402944K, used 283931K [0x00000000a0000000, 0x00000000b8980000, 0x00000000e0000000)
  object space 402944K, 70% used [0x00000000a0000000,0x00000000b1546db0,0x00000000b8980000)
 Metaspace       used 93994K, capacity 103456K, committed 103728K, reserved 1138688K
  class space    used 11980K, capacity 14071K, committed 14128K, reserved 1048576K
Event: 16367.347 GC heap after
Heap after GC invocations=122 (full 8):
 PSYoungGen      total 439296K, used 29880K [0x00000000e0000000, 0x0000000100000000, 0x0000000100000000)
  eden space 349184K, 0% used [0x00000000e0000000,0x00000000e0000000,0x00000000f5500000)
  from space 90112K, 33% used [0x00000000fa800000,0x00000000fc52e288,0x0000000100000000)
  to   space 84992K, 0% used [0x00000000f5500000,0x00000000f5500000,0x00000000fa800000)
 ParOldGen       total 402944K, used 303271K [0x00000000a0000000, 0x00000000b8980000, 0x00000000e0000000)
  object space 402944K, 75% used [0x00000000a0000000,0x00000000b2829e20,0x00000000b8980000)
 Metaspace       used 93994K, capacity 103456K, committed 103728K, reserved 1138688K
  class space    used 11980K, capacity 14071K, committed 14128K, reserved 1048576K
}
Event: 16375.851 GC heap before
{Heap before GC invocations=123 (full 8):
 PSYoungGen      total 439296K, used 379064K [0x00000000e0000000, 0x0000000100000000, 0x0000000100000000)
  eden space 349184K, 100% used [0x00000000e0000000,0x00000000f5500000,0x00000000f5500000)
  from space 90112K, 33% used [0x00000000fa800000,0x00000000fc52e288,0x0000000100000000)
  to   space 84992K, 0% used [0x00000000f5500000,0x00000000f5500000,0x00000000fa800000)
 ParOldGen       total 402944K, used 303271K [0x00000000a0000000, 0x00000000b8980000, 0x00000000e0000000)
  object space 402944K, 75% used [0x00000000a0000000,0x00000000b2829e20,0x00000000b8980000)
 Metaspace       used 94002K, capacity 103520K, committed 103728K, reserved 1138688K
  class space    used 11980K, capacity 14071K, committed 14128K, reserved 1048576K
Event: 16375.892 GC heap after
Heap after GC invocations=123 (full 8):
 PSYoungGen      total 371712K, used 22306K [0x00000000e0000000, 0x00000000ff400000, 0x0000000100000000)
  eden space 349184K, 0% used [0x00000000e0000000,0x00000000e0000000,0x00000000f5500000)
  from space 22528K, 99% used [0x00000000f5500000,0x00000000f6ac8840,0x00000000f6b00000)
  to   space 81408K, 0% used [0x00000000fa480000,0x00000000fa480000,0x00000000ff400000)
 ParOldGen       total 402944K, used 323414K [0x00000000a0000000, 0x00000000b8980000, 0x00000000e0000000)
  object space 402944K, 80% used [0x00000000a0000000,0x00000000b3bd5880,0x00000000b8980000)
 Metaspace       used 94002K, capacity 103520K, committed 103728K, reserved 1138688K
  class space    used 11980K, capacity 14071K, committed 14128K, reserved 1048576K
}
Event: 16378.198 GC heap before
{Heap before GC invocations=124 (full 8):
 PSYoungGen      total 371712K, used 371490K [0x00000000e0000000, 0x00000000ff400000, 0x0000000100000000)
  eden space 349184K, 100% used [0x00000000e0000000,0x00000000f5500000,0x00000000f5500000)
  from space 22528K, 99% used [0x00000000f5500000,0x00000000f6ac8840,0x00000000f6b00000)
  to   space 81408K, 0% used [0x00000000fa480000,0x00000000fa480000,0x00000000ff400000)
 ParOldGen       total 402944K, used 323414K [0x00000000a0000000, 0x00000000b8980000, 0x00000000e0000000)
  object space 402944K, 80% used [0x00000000a0000000,0x00000000b3bd5880,0x00000000b8980000)
 Metaspace       used 94031K, capacity 103520K, committed 103728K, reserved 1138688K
  class space    used 11980K, capacity 14071K, committed 14128K, reserved 1048576K
Event: 16378.258 GC heap after
Heap after GC invocations=124 (full 8):
 PSYoungGen      total 425984K, used 57420K [0x00000000e0000000, 0x0000000100000000, 0x0000000100000000)
  eden space 344576K, 0% used [0x00000000e0000000,0x00000000e0000000,0x00000000f5080000)
  from space 81408K, 70% used [0x00000000fa480000,0x00000000fdc933f0,0x00000000ff400000)
  to   space 86016K, 0% used [0x00000000f5080000,0x00000000f5080000,0x00000000fa480000)
 ParOldGen       total 402944K, used 344866K [0x00000000a0000000, 0x00000000b8980000, 0x00000000e0000000)
  object space 402944K, 85% used [0x00000000a0000000,0x00000000b50c8990,0x00000000b8980000)
 Metaspace       used 94031K, capacity 103520K, committed 103728K, reserved 1138688K
  class space    used 11980K, capacity 14071K, committed 14128K, reserved 1048576K
}
Event: 16379.439 GC heap before
{Heap before GC invocations=125 (full 8):
 PSYoungGen      total 425984K, used 401996K [0x00000000e0000000, 0x0000000100000000, 0x0000000100000000)
  eden space 344576K, 100% used [0x00000000e0000000,0x00000000f5080000,0x00000000f5080000)
  from space 81408K, 70% used [0x00000000fa480000,0x00000000fdc933f0,0x00000000ff400000)
  to   space 86016K, 0% used [0x00000000f5080000,0x00000000f5080000,0x00000000fa480000)
 ParOldGen       total 402944K, used 344866K [0x00000000a0000000, 0x00000000b8980000, 0x00000000e0000000)
  object space 402944K, 85% used [0x00000000a0000000,0x00000000b50c8990,0x00000000b8980000)
 Metaspace       used 94043K, capacity 103520K, committed 103728K, reserved 1138688K
  class space    used 11980K, capacity 14071K, committed 14128K, reserved 1048576K
Event: 16379.469 GC heap after
Heap after GC invocations=125 (full 8):
 PSYoungGen      total 430592K, used 6517K [0x00000000e0000000, 0x0000000100000000, 0x0000000100000000)
  eden space 344576K, 0% used [0x00000000e0000000,0x00000000e0000000,0x00000000f5080000)
  from space 86016K, 7% used [0x00000000f5080000,0x00000000f56dd4a0,0x00000000fa480000)
  to   space 85504K, 0% used [0x00000000fac80000,0x00000000fac80000,0x0000000100000000)
 ParOldGen       total 402944K, used 354767K [0x00000000a0000000, 0x00000000b8980000, 0x00000000e0000000)
  object space 402944K, 88% used [0x00000000a0000000,0x00000000b5a73c38,0x00000000b8980000)
 Metaspace       used 94043K, capacity 103520K, committed 103728K, reserved 1138688K
  class space    used 11980K, capacity 14071K, committed 14128K, reserved 1048576K
}

Deoptimization events (10 events):
Event: 14943.290 Thread 0x000000001f318800 Uncommon trap: reason=array_check action=maybe_recompile pc=0x0000000009f041b4 method=org.codehaus.groovy.reflection.ParameterTypes.makeCommonArray([Ljava/lang/Object;ILjava/lang/Class;)Ljava/lang/Object; @ 46
Event: 14943.294 Thread 0x000000001f318800 Uncommon trap: reason=array_check action=maybe_recompile pc=0x0000000009f041b4 method=org.codehaus.groovy.reflection.ParameterTypes.makeCommonArray([Ljava/lang/Object;ILjava/lang/Class;)Ljava/lang/Object; @ 46
Event: 14943.296 Thread 0x000000001f318800 Uncommon trap: reason=array_check action=maybe_recompile pc=0x0000000009f041b4 method=org.codehaus.groovy.reflection.ParameterTypes.makeCommonArray([Ljava/lang/Object;ILjava/lang/Class;)Ljava/lang/Object; @ 46
Event: 14957.235 Thread 0x000000001f318800 Uncommon trap: reason=unstable_if action=reinterpret pc=0x00000000090fd484 method=java.util.concurrent.ScheduledThreadPoolExecutor$DelayedWorkQueue.offer(Ljava/lang/Runnable;)Z @ 39
Event: 15542.248 Thread 0x000000001f31d800 Uncommon trap: reason=unstable_if action=reinterpret pc=0x0000000009f1c438 method=java.util.IdentityHashMap.closeDeletion(I)V @ 37
Event: 15567.187 Thread 0x000000001b1e6000 Uncommon trap: reason=null_check action=make_not_entrant pc=0x00000000053f21e4 method=com.google.gson.internal.Excluder.isAnonymousOrLocal(Ljava/lang/Class;)Z @ 3
Event: 16355.175 Thread 0x000000001f31d800 Uncommon trap: reason=speculate_class_check action=maybe_recompile pc=0x000000000a06c3bc method=org.codehaus.groovy.runtime.ScriptBytecodeAdapter.compareEqual(Ljava/lang/Object;Ljava/lang/Object;)Z @ 37
Event: 16355.176 Thread 0x000000001f31d800 Uncommon trap: reason=speculate_class_check action=maybe_recompile pc=0x000000000a06c3bc method=org.codehaus.groovy.runtime.ScriptBytecodeAdapter.compareEqual(Ljava/lang/Object;Ljava/lang/Object;)Z @ 37
Event: 16355.176 Thread 0x000000001f31d800 Uncommon trap: reason=speculate_class_check action=maybe_recompile pc=0x000000000a06c3bc method=org.codehaus.groovy.runtime.ScriptBytecodeAdapter.compareEqual(Ljava/lang/Object;Ljava/lang/Object;)Z @ 37
Event: 16355.176 Thread 0x000000001f31d800 Uncommon trap: reason=speculate_class_check action=maybe_recompile pc=0x000000000a06c3bc method=org.codehaus.groovy.runtime.ScriptBytecodeAdapter.compareEqual(Ljava/lang/Object;Ljava/lang/Object;)Z @ 37

Internal exceptions (10 events):
Event: 16354.900 Thread 0x000000001f31d800 Exception <a 'sun/nio/fs/WindowsException'> (0x00000000f3eed970) thrown at [C:\re\workspace\8-2-build-windows-amd64-cygwin\jdk8u111\7883\hotspot\src\share\vm\prims\jni.cpp, line 709]
Event: 16354.900 Thread 0x000000001f31d800 Exception <a 'sun/nio/fs/WindowsException'> (0x00000000f3eee608) thrown at [C:\re\workspace\8-2-build-windows-amd64-cygwin\jdk8u111\7883\hotspot\src\share\vm\prims\jni.cpp, line 709]
Event: 16354.900 Thread 0x000000001f31d800 Exception <a 'sun/nio/fs/WindowsException'> (0x00000000f3ef2540) thrown at [C:\re\workspace\8-2-build-windows-amd64-cygwin\jdk8u111\7883\hotspot\src\share\vm\prims\jni.cpp, line 709]
Event: 16354.900 Thread 0x000000001f31d800 Exception <a 'sun/nio/fs/WindowsException'> (0x00000000f3ef3058) thrown at [C:\re\workspace\8-2-build-windows-amd64-cygwin\jdk8u111\7883\hotspot\src\share\vm\prims\jni.cpp, line 709]
Event: 16354.900 Thread 0x000000001f31d800 Exception <a 'sun/nio/fs/WindowsException'> (0x00000000f3ef4ba8) thrown at [C:\re\workspace\8-2-build-windows-amd64-cygwin\jdk8u111\7883\hotspot\src\share\vm\prims\jni.cpp, line 709]
Event: 16354.900 Thread 0x000000001f31d800 Exception <a 'sun/nio/fs/WindowsException'> (0x00000000f3ef5700) thrown at [C:\re\workspace\8-2-build-windows-amd64-cygwin\jdk8u111\7883\hotspot\src\share\vm\prims\jni.cpp, line 709]
Event: 16377.589 Thread 0x000000001b1e7800 Exception <a 'sun/nio/fs/WindowsException'> (0x00000000e9114400) thrown at [C:\re\workspace\8-2-build-windows-amd64-cygwin\jdk8u111\7883\hotspot\src\share\vm\prims\jni.cpp, line 709]
Event: 16377.611 Thread 0x000000001b1e6000 Exception <a 'sun/nio/fs/WindowsException'> (0x00000000e9449eb0) thrown at [C:\re\workspace\8-2-build-windows-amd64-cygwin\jdk8u111\7883\hotspot\src\share\vm\prims\jni.cpp, line 709]
Event: 16377.622 Thread 0x000000001b1ed800 Exception <a 'sun/nio/fs/WindowsException'> (0x00000000e95c7840) thrown at [C:\re\workspace\8-2-build-windows-amd64-cygwin\jdk8u111\7883\hotspot\src\share\vm\prims\jni.cpp, line 709]
Event: 16380.561 Thread 0x000000001f31d800 Exception <a 'sun/nio/fs/WindowsException'> (0x00000000ef1588a8) thrown at [C:\re\workspace\8-2-build-windows-amd64-cygwin\jdk8u111\7883\hotspot\src\share\vm\prims\jni.cpp, line 709]

Events (10 events):
Event: 16638.907 Thread 0x000000001b1e3000 Thread added: 0x000000001b1e3000
Event: 16638.908 Thread 0x000000001b1e4000 Thread added: 0x000000001b1e4000
Event: 16638.908 Executing VM operation: RevokeBias
Event: 16638.909 Executing VM operation: RevokeBias done
Event: 16638.911 Thread 0x000000001b1e2800 Thread added: 0x000000001b1e2800
Event: 16638.941 Thread 0x000000001b1e6000 Thread added: 0x000000001b1e6000
Event: 16638.943 Thread 0x000000001b1e7000 Thread added: 0x000000001b1e7000
Event: 16638.943 Thread 0x000000001b1e5800 Thread added: 0x000000001b1e5800
Event: 16638.944 Thread 0x0000000017f96000 flushing nmethod 0x0000000008b320d0
Event: 16638.947 Thread 0x000000001b1e0000 Thread added: 0x000000001b1e0000


Dynamic libraries:
0x00007ff6cdd90000 - 0x00007ff6cddc7000 	C:\Program Files\Java\jdk1.8.0_111\bin\java.exe
0x00007ff9554e0000 - 0x00007ff9556c0000 	C:\WINDOWS\SYSTEM32\ntdll.dll
0x00007ff9550c0000 - 0x00007ff95516e000 	C:\WINDOWS\System32\KERNEL32.DLL
0x00007ff951c50000 - 0x00007ff951eb6000 	C:\WINDOWS\System32\KERNELBASE.dll
0x00007ff954450000 - 0x00007ff9544f1000 	C:\WINDOWS\System32\ADVAPI32.dll
0x00007ff9529b0000 - 0x00007ff952a4d000 	C:\WINDOWS\System32\msvcrt.dll
0x00007ff9543f0000 - 0x00007ff95444b000 	C:\WINDOWS\System32\sechost.dll
0x00007ff954020000 - 0x00007ff95413f000 	C:\WINDOWS\System32\RPCRT4.dll
0x00007ff952a50000 - 0x00007ff952bdf000 	C:\WINDOWS\System32\USER32.dll
0x00007ff952990000 - 0x00007ff9529b0000 	C:\WINDOWS\System32\win32u.dll
0x00007ff9547c0000 - 0x00007ff9547e8000 	C:\WINDOWS\System32\GDI32.dll
0x00007ff952790000 - 0x00007ff952924000 	C:\WINDOWS\System32\gdi32full.dll
0x00007ff9518e0000 - 0x00007ff95197b000 	C:\WINDOWS\System32\msvcp_win.dll
0x00007ff951f40000 - 0x00007ff952036000 	C:\WINDOWS\System32\ucrtbase.dll
0x00007ff947150000 - 0x00007ff9473b9000 	C:\WINDOWS\WinSxS\amd64_microsoft.windows.common-controls_6595b64144ccf1df_6.0.16299.64_none_cc9304e22215ca8f\COMCTL32.dll
0x00007ff9551a0000 - 0x00007ff9554a8000 	C:\WINDOWS\System32\combase.dll
0x00007ff951ec0000 - 0x00007ff951f32000 	C:\WINDOWS\System32\bcryptPrimitives.dll
0x00007ff955170000 - 0x00007ff95519d000 	C:\WINDOWS\System32\IMM32.DLL
0x0000000051340000 - 0x0000000051412000 	C:\Program Files\Java\jdk1.8.0_111\jre\bin\msvcr100.dll
0x0000000077760000 - 0x0000000077ffa000 	C:\Program Files\Java\jdk1.8.0_111\jre\bin\server\jvm.dll
0x00007ff954210000 - 0x00007ff954218000 	C:\WINDOWS\System32\PSAPI.DLL
0x00007ff93ba40000 - 0x00007ff93ba49000 	C:\WINDOWS\SYSTEM32\WSOCK32.dll
0x00007ff954fe0000 - 0x00007ff95504c000 	C:\WINDOWS\System32\WS2_32.dll
0x00007ff94f930000 - 0x00007ff94f953000 	C:\WINDOWS\SYSTEM32\WINMM.dll
0x00007ff950500000 - 0x00007ff95050a000 	C:\WINDOWS\SYSTEM32\VERSION.dll
0x00007ff94f600000 - 0x00007ff94f62a000 	C:\WINDOWS\SYSTEM32\WINMMBASE.dll
0x00007ff951a30000 - 0x00007ff951a7a000 	C:\WINDOWS\System32\cfgmgr32.dll
0x0000000051330000 - 0x000000005133f000 	C:\Program Files\Java\jdk1.8.0_111\jre\bin\verify.dll
0x0000000051300000 - 0x0000000051329000 	C:\Program Files\Java\jdk1.8.0_111\jre\bin\java.dll
0x00000000512e0000 - 0x00000000512f6000 	C:\Program Files\Java\jdk1.8.0_111\jre\bin\zip.dll
0x00007ff952be0000 - 0x00007ff954017000 	C:\WINDOWS\System32\SHELL32.dll
0x00007ff954670000 - 0x00007ff954716000 	C:\WINDOWS\System32\shcore.dll
0x00007ff952040000 - 0x00007ff952787000 	C:\WINDOWS\System32\windows.storage.dll
0x00007ff955060000 - 0x00007ff9550b1000 	C:\WINDOWS\System32\shlwapi.dll
0x00007ff951850000 - 0x00007ff951861000 	C:\WINDOWS\System32\kernel.appcore.dll
0x00007ff951890000 - 0x00007ff9518dc000 	C:\WINDOWS\System32\powrprof.dll
0x00007ff951830000 - 0x00007ff95184b000 	C:\WINDOWS\System32\profapi.dll
0x00000000512c0000 - 0x00000000512da000 	C:\Program Files\Java\jdk1.8.0_111\jre\bin\net.dll
0x00007ff9510c0000 - 0x00007ff951126000 	C:\WINDOWS\system32\mswsock.dll
0x00000000512a0000 - 0x00000000512b1000 	C:\Program Files\Java\jdk1.8.0_111\jre\bin\nio.dll
0x00007ff906190000 - 0x00007ff9061ae000 	C:\Users\Admin\.gradle\native\25\windows-amd64\native-platform.dll
0x0000000051290000 - 0x000000005129d000 	C:\Program Files\Java\jdk1.8.0_111\jre\bin\management.dll
0x00007ff951280000 - 0x00007ff951297000 	C:\WINDOWS\SYSTEM32\CRYPTSP.dll
0x00007ff950cd0000 - 0x00007ff950d03000 	C:\WINDOWS\system32\rsaenh.dll
0x00007ff951390000 - 0x00007ff9513b5000 	C:\WINDOWS\SYSTEM32\bcrypt.dll
0x00007ff951760000 - 0x00007ff951789000 	C:\WINDOWS\SYSTEM32\USERENV.dll
0x00007ff9512a0000 - 0x00007ff9512ab000 	C:\WINDOWS\SYSTEM32\CRYPTBASE.dll
0x00007ff950e50000 - 0x00007ff950e89000 	C:\WINDOWS\SYSTEM32\IPHLPAPI.DLL
0x00007ff954de0000 - 0x00007ff954de8000 	C:\WINDOWS\System32\NSI.dll
0x00007ff948750000 - 0x00007ff948766000 	C:\WINDOWS\SYSTEM32\dhcpcsvc6.DLL
0x00007ff948790000 - 0x00007ff9487aa000 	C:\WINDOWS\SYSTEM32\dhcpcsvc.DLL
0x0000000051260000 - 0x0000000051284000 	C:\Program Files\Java\jdk1.8.0_111\jre\bin\sunec.dll
0x00007ff950e90000 - 0x00007ff950f46000 	C:\WINDOWS\SYSTEM32\DNSAPI.dll
0x0000000051810000 - 0x0000000051836000 	C:\Program Files\Bonjour\mdnsNSP.dll
0x00007ff947820000 - 0x00007ff94782a000 	C:\Windows\System32\rasadhlp.dll
0x00007ff947c90000 - 0x00007ff947d00000 	C:\WINDOWS\System32\fwpuclnt.dll
0x0000000051250000 - 0x000000005125b000 	C:\Program Files\Java\jdk1.8.0_111\jre\bin\sunmscapi.dll
0x00007ff951a80000 - 0x00007ff951c4e000 	C:\WINDOWS\System32\CRYPT32.dll
0x00007ff951870000 - 0x00007ff951882000 	C:\WINDOWS\System32\MSASN1.dll
0x00007ff93bf80000 - 0x00007ff93c148000 	C:\WINDOWS\SYSTEM32\dbghelp.dll

VM Arguments:
jvm_args: -Xmx1536M -Dfile.encoding=windows-1252 -Duser.country=IN -Duser.language=en -Duser.variant 
java_command: org.gradle.launcher.daemon.bootstrap.GradleDaemon 4.1
java_class_path (initial): C:\Users\Admin\.gradle\wrapper\dists\gradle-4.1-all\bzyivzo6n839fup2jbap0tjew\gradle-4.1\lib\gradle-launcher-4.1.jar
Launcher Type: SUN_STANDARD

Environment Variables:
JAVA_HOME=C:\Program Files\Java\jdk1.8.0_111
PATH=C:\ProgramData\Oracle\Java\javapath;C:\Program Files (x86)\Intel\iCLS Client\;C:\Program Files\Intel\iCLS Client\;C:\Windows\system32;C:\Windows;C:\Windows\System32\Wbem;C:\Windows\System32\WindowsPowerShell\v1.0\;C:\Program Files (x86)\Intel\Intel(R) Management Engine Components\DAL;C:\Program Files\Intel\Intel(R) Management Engine Components\DAL;C:\Program Files (x86)\Intel\Intel(R) Management Engine Components\IPT;C:\Program Files\Intel\Intel(R) Management Engine Components\IPT;C:\Program Files (x86)\NVIDIA Corporation\PhysX\Common;C:\Program Files\Git\bin;C:\OpenSSL\bin;%JAVA_HOME%;C:\Program Files\MATLAB\R2017a\bin;C:\Program Files\Intel\WiFi\bin\;C:\Program Files\Common Files\Intel\WirelessCommon\;C:\WINDOWS\system32;C:\WINDOWS;C:\WINDOWS\System32\Wbem;C:\WINDOWS\System32\WindowsPowerShell\v1.0\;C:\Program Files\nodejs\;C:\Users\Admin\AppData\Local\Programs\Python\Python35\Scripts\;C:\Users\Admin\AppData\Local\Programs\Python\Python35\;C:\Users\Admin\AppData\Local\Microsoft\WindowsApps;;C:\Program Files (x86)\Microsoft VS Code\bin;C:\Users\Admin\AppData\Roaming\npm
USERNAME=Admin
OS=Windows_NT
PROCESSOR_IDENTIFIER=Intel64 Family 6 Model 78 Stepping 3, GenuineIntel



---------------  S Y S T E M  ---------------

OS: Windows 10.0 , 64 bit Build 16299 (10.0.16299.15)

CPU:total 4 (2 cores per cpu, 2 threads per core) family 6 model 78 stepping 3, cmov, cx8, fxsr, mmx, sse, sse2, sse3, ssse3, sse4.1, sse4.2, popcnt, avx, avx2, aes, clmul, erms, 3dnowpref, lzcnt, ht, tsc, tscinvbit, bmi1, bmi2, adx

Memory: 4k page, physical 8272272k(1528576k free), swap 10762640k(2396032k free)

vm_info: Java HotSpot(TM) 64-Bit Server VM (25.111-b14) for windows-amd64 JRE (1.8.0_111-b14), built on Sep 22 2016 19:24:05 by "java_re" with MS VC++ 10.0 (VS2010)

time: Fri Dec 08 18:53:45 2017
elapsed time: 16638 seconds (0d 4h 37m 18s)

