#
# There is insufficient memory for the Java Runtime Environment to continue.
# Native memory allocation (mmap) failed to map 130023424 bytes for Failed to commit area from 0x0000000084000000 to 0x000000008bc00000 of length 130023424.
# Possible reasons:
#   The system is out of physical RAM or swap space
#   The process is running with CompressedOops enabled, and the Java Heap may be blocking the growth of the native heap
# Possible solutions:
#   Reduce memory load on the system
#   Increase physical memory or swap space
#   Check if swap backing store is full
#   Decrease Java heap size (-Xmx/-Xms)
#   Decrease number of Java threads
#   Decrease Java thread stack sizes (-Xss)
#   Set larger code cache with -XX:ReservedCodeCacheSize=
# This output file may be truncated or incomplete.
#
#  Out of Memory Error (./src/hotspot/os/windows/os_windows.cpp:3301), pid=22796, tid=12840
#
# JRE version:  (11.0.10) (build )
# Java VM: OpenJDK 64-Bit Server VM (11.0.10+0-b96-7249189, mixed mode, sharing, tiered, compressed oops, g1 gc, windows-amd64)
# No core dump will be written. Minidumps are not enabled by default on client versions of Windows
#

---------------  S U M M A R Y ------------

Command Line: org.jetbrains.git4idea.http.GitAskPassApp Username for 'https://github.com': 

Host: 11th Gen Intel(R) Core(TM) i5-1135G7 @ 2.40GHz, 8 cores, 7G,  Windows 10 , 64 bit Build 19041 (10.0.19041.1348)
Time: Thu Nov 25 14:14:49 2021 India Standard Time elapsed time: 0.019032 seconds (0d 0h 0m 0s)

---------------  T H R E A D  ---------------

Current thread (0x0000023a4c1a9800):  JavaThread "Unknown thread" [_thread_in_vm, id=12840, stack(0x000000faa1c00000,0x000000faa1d00000)]

Stack: [0x000000faa1c00000,0x000000faa1d00000]
Native frames: (J=compiled Java code, j=interpreted, Vv=VM code, C=native code)
V  [jvm.dll+0x5ecfaa]
V  [jvm.dll+0x722bd5]
V  [jvm.dll+0x72412d]
V  [jvm.dll+0x7247e3]
V  [jvm.dll+0x242928]
V  [jvm.dll+0x5ea374]
V  [jvm.dll+0x5df425]
V  [jvm.dll+0x2fdebb]
V  [jvm.dll+0x2fde2a]
V  [jvm.dll+0x2fdd02]
V  [jvm.dll+0x302bf6]
V  [jvm.dll+0x34b2a3]
V  [jvm.dll+0x34b9a6]
V  [jvm.dll+0x34b3a3]
V  [jvm.dll+0x2d8888]
V  [jvm.dll+0x2d9a37]
V  [jvm.dll+0x701737]
V  [jvm.dll+0x702f2c]
V  [jvm.dll+0x3587d9]
V  [jvm.dll+0x6e4fae]
V  [jvm.dll+0x3c0be3]
V  [jvm.dll+0x3c2e91]
C  [jli.dll+0x5373]
C  [ucrtbase.dll+0x21bb2]
C  [KERNEL32.DLL+0x17034]
C  [ntdll.dll+0x52651]


---------------  P R O C E S S  ---------------

Threads class SMR info:
_java_thread_list=0x0000023a4a6cfc70, length=0, elements={
}

Java Threads: ( => current thread )

Other Threads:
  0x0000023a4c1c1000 GCTaskThread "GC Thread#0" [stack: 0x000000faa1d00000,0x000000faa1e00000] [id=25468]
  0x0000023a4c1f3800 ConcurrentGCThread "G1 Main Marker" [stack: 0x000000faa1e00000,0x000000faa1f00000] [id=25208]
  0x0000023a4c1f5800 ConcurrentGCThread "G1 Conc#0" [stack: 0x000000faa1f00000,0x000000faa2000000] [id=24124]

[error occurred during error reporting (printing all threads), id 0xc0000005, EXCEPTION_ACCESS_VIOLATION (0xc0000005) at pc=0x00007ffdfea99107]

VM state:not at safepoint (not fully initialized)

VM Mutex/Monitor currently owned by a thread:  ([mutex/lock_event])
[0x0000023a4c1a6030] Heap_lock - owner thread: 0x0000023a4c1a9800

Heap address: 0x0000000084000000, size: 1984 MB, Compressed Oops mode: Non-zero based: 0x0000000084000000
Narrow klass base: 0x0000000000000000, Narrow klass shift: 0

GC Heap History (0 events):
No events

Deoptimization events (0 events):
No events

Classes redefined (0 events):
No events

Internal exceptions (0 events):
No events

Events (1 events):
Event: 0.007 Loaded shared library C:\Program Files\Android\Android Studio\jre\bin\zip.dll


Dynamic libraries:
0x00007ff6ea940000 - 0x00007ff6ea94a000 	C:\Program Files\Android\Android Studio\jre\bin\java.exe
0x00007ffe620f0000 - 0x00007ffe622e5000 	C:\Windows\SYSTEM32\ntdll.dll
0x00007ffe61ff0000 - 0x00007ffe620ae000 	C:\Windows\System32\KERNEL32.DLL
0x00007ffe5fe10000 - 0x00007ffe600d8000 	C:\Windows\System32\KERNELBASE.dll
0x00007ffe5f900000 - 0x00007ffe5fa00000 	C:\Windows\System32\ucrtbase.dll
0x00007ffe176f0000 - 0x00007ffe17707000 	C:\Program Files\Android\Android Studio\jre\bin\VCRUNTIME140.dll
0x00007ffe18b40000 - 0x00007ffe18b59000 	C:\Program Files\Android\Android Studio\jre\bin\jli.dll
0x00007ffe61050000 - 0x00007ffe611f1000 	C:\Windows\System32\USER32.dll
0x00007ffe5fae0000 - 0x00007ffe5fb02000 	C:\Windows\System32\win32u.dll
0x00007ffe604a0000 - 0x00007ffe604cb000 	C:\Windows\System32\GDI32.dll
0x00007ffe5fd00000 - 0x00007ffe5fe0b000 	C:\Windows\System32\gdi32full.dll
0x00007ffe46b80000 - 0x00007ffe46e1a000 	C:\Windows\WinSxS\amd64_microsoft.windows.common-controls_6595b64144ccf1df_6.0.19041.1110_none_60b5254171f9507e\COMCTL32.dll
0x00007ffe5f860000 - 0x00007ffe5f8fd000 	C:\Windows\System32\msvcp_win.dll
0x00007ffe60fa0000 - 0x00007ffe6103e000 	C:\Windows\System32\msvcrt.dll
0x00007ffe60950000 - 0x00007ffe60980000 	C:\Windows\System32\IMM32.DLL
0x00007ffe12cc0000 - 0x00007ffe12d5d000 	C:\Program Files\Android\Android Studio\jre\bin\msvcp140.dll
0x00007ffdfe7b0000 - 0x00007ffdff27f000 	C:\Program Files\Android\Android Studio\jre\bin\server\jvm.dll
0x00007ffe60e90000 - 0x00007ffe60f3c000 	C:\Windows\System32\ADVAPI32.dll
0x00007ffe612b0000 - 0x00007ffe6134b000 	C:\Windows\System32\sechost.dll
0x00007ffe61770000 - 0x00007ffe6189a000 	C:\Windows\System32\RPCRT4.dll
0x00007ffe61040000 - 0x00007ffe61048000 	C:\Windows\System32\PSAPI.DLL
0x00007ffe57500000 - 0x00007ffe57509000 	C:\Windows\SYSTEM32\WSOCK32.dll
0x00007ffe61560000 - 0x00007ffe615cb000 	C:\Windows\System32\WS2_32.dll
0x00007ffe41650000 - 0x00007ffe41677000 	C:\Windows\SYSTEM32\WINMM.dll
0x00007ffe53fc0000 - 0x00007ffe53fca000 	C:\Windows\SYSTEM32\VERSION.dll
0x00007ffe5e090000 - 0x00007ffe5e0a2000 	C:\Windows\SYSTEM32\kernel.appcore.dll
0x00007ffe574e0000 - 0x00007ffe574f1000 	C:\Program Files\Android\Android Studio\jre\bin\verify.dll
0x00007ffe5d450000 - 0x00007ffe5d634000 	C:\Windows\SYSTEM32\DBGHELP.DLL
0x00007ffe484d0000 - 0x00007ffe484fc000 	C:\Windows\SYSTEM32\dbgcore.DLL
0x00007ffe5fc70000 - 0x00007ffe5fcf3000 	C:\Windows\System32\bcryptPrimitives.dll
0x00007ffe574b0000 - 0x00007ffe574d9000 	C:\Program Files\Android\Android Studio\jre\bin\java.dll
0x00007ffe574a0000 - 0x00007ffe574ab000 	C:\Program Files\Android\Android Studio\jre\bin\jimage.dll
0x00007ffe57480000 - 0x00007ffe57498000 	C:\Program Files\Android\Android Studio\jre\bin\zip.dll

dbghelp: loaded successfully - version: 4.0.5 - missing functions: none
symbol engine: initialized successfully - sym options: 0x614 - pdb path: .;C:\Program Files\Android\Android Studio\jre\bin;C:\Windows\SYSTEM32;C:\Windows\WinSxS\amd64_microsoft.windows.common-controls_6595b64144ccf1df_6.0.19041.1110_none_60b5254171f9507e;C:\Program Files\Android\Android Studio\jre\bin\server

VM Arguments:
java_command: org.jetbrains.git4idea.http.GitAskPassApp Username for 'https://github.com': 
java_class_path (initial): C:/Program Files/Android/Android Studio/plugins/git4idea/lib/git4idea-rt.jar;C:/Program Files/Android/Android Studio/lib/xmlrpc-2.0.1.jar;C:/Program Files/Android/Android Studio/lib/commons-codec-1.14.jar
Launcher Type: SUN_STANDARD

[Global flags]
     intx CICompilerCount                          = 4                                         {product} {ergonomic}
     uint ConcGCThreads                            = 2                                         {product} {ergonomic}
     uint G1ConcRefinementThreads                  = 8                                         {product} {ergonomic}
   size_t G1HeapRegionSize                         = 1048576                                   {product} {ergonomic}
    uintx GCDrainStackTargetSize                   = 64                                        {product} {ergonomic}
   size_t InitialHeapSize                          = 130023424                                 {product} {ergonomic}
   size_t MarkStackSize                            = 4194304                                   {product} {ergonomic}
   size_t MaxHeapSize                              = 2080374784                                {product} {ergonomic}
   size_t MinHeapDeltaBytes                        = 1048576                                   {product} {ergonomic}
    uintx NonNMethodCodeHeapSize                   = 5836300                                {pd product} {ergonomic}
    uintx NonProfiledCodeHeapSize                  = 122910970                              {pd product} {ergonomic}
    uintx ProfiledCodeHeapSize                     = 122910970                              {pd product} {ergonomic}
    uintx ReservedCodeCacheSize                    = 251658240                              {pd product} {ergonomic}
     bool SegmentedCodeCache                       = true                                      {product} {ergonomic}
     bool UseCompressedClassPointers               = true                                 {lp64_product} {ergonomic}
     bool UseCompressedOops                        = true                                 {lp64_product} {ergonomic}
     bool UseG1GC                                  = true                                      {product} {ergonomic}
     bool UseLargePagesIndividualAllocation        = false                                  {pd product} {ergonomic}

Logging:
Log output configuration:
 #0: stdout all=warning uptime,level,tags
 #1: stderr all=off uptime,level,tags

Environment Variables:
CLASSPATH=C:\Program Files\Java\jdk-17.0.1\bin
PATH=C:\Program Files\Git\mingw64\libexec\git-core;C:\Program Files\Git\mingw64\libexec\git-core;C:\Program Files\Git\mingw64\bin;C:\Program Files\Git\usr\bin;C:\Users\faraz\bin;C:\Program Files\Common Files\Oracle\Java\javapath;C:\Windows\system32;C:\Windows;C:\Windows\System32\Wbem;C:\Windows\System32\WindowsPowerShell\v1.0;C:\Windows\System32\OpenSSH;C:\Program Files\Git\cmd;C:\Program Files\Java\jdk-17.0.1\bin;C:\Program Files\JetBrains\IntelliJ IDEA Community Edition 2021.2.3\bin
USERNAME=Faraz
DISPLAY=:0.0
LC_ALL=en_US.UTF-8
OS=Windows_NT
PROCESSOR_IDENTIFIER=Intel64 Family 6 Model 140 Stepping 1, GenuineIntel



---------------  S Y S T E M  ---------------

OS: Windows 10 , 64 bit Build 19041 (10.0.19041.1348)
OS uptime: 1 days 3:43 hours

CPU:total 8 (initial active 8) (4 cores per cpu, 2 threads per core) family 6 model 140 stepping 1 microcode 0x86, cmov, cx8, fxsr, mmx, sse, sse2, sse3, ssse3, sse4.1, sse4.2, popcnt, avx, avx2, aes, clmul, erms, 3dnowpref, lzcnt, ht, tsc, tscinvbit, bmi1, bmi2, adx, evex, sha, fma

Memory: 4k page, system-wide physical 7930M (357M free)
TotalPageFile size 29962M (AvailPageFile size 65M)
current process WorkingSet (physical memory assigned to process): 9M, peak: 9M
current process commit charge ("private bytes"): 59M, peak: 183M

vm_info: OpenJDK 64-Bit Server VM (11.0.10+0-b96-7249189) for windows-amd64 JRE (11.0.10+0-b96-7249189), built on Mar 31 2021 21:44:00 by "builder" with MS VC++ 14.0 (VS2015)

END.
