#
# There is insufficient memory for the Java Runtime Environment to continue.
# Native memory allocation (malloc) failed to allocate 886736 bytes for Chunk::new
# Possible reasons:
#   The system is out of physical RAM or swap space
#   In 32 bit mode, the process size limit was hit
# Possible solutions:
#   Reduce memory load on the system
#   Increase physical memory or swap space
#   Check if swap backing store is full
#   Use 64 bit Java on a 64 bit OS
#   Decrease Java heap size (-Xmx/-Xms)
#   Decrease number of Java threads
#   Decrease Java thread stack sizes (-Xss)
#   Set larger code cache with -XX:ReservedCodeCacheSize=
# This output file may be truncated or incomplete.
#
#  Out of Memory Error (allocation.cpp:390), pid=18556, tid=0x0000000000003554
#
# JRE version: OpenJDK Runtime Environment (8.0_152-b01) (build 1.8.0_152-release-915-b01)
# Java VM: OpenJDK 64-Bit Server VM (25.152-b01 mixed mode windows-amd64 compressed oops)
# Failed to write core dump. Minidumps are not enabled by default on client versions of Windows
#

---------------  T H R E A D  ---------------

Current thread (0x0000000018dea000):  JavaThread "C2 CompilerThread0" daemon [_thread_in_native, id=13652, stack(0x00000000195b0000,0x00000000196b0000)]

Stack: [0x00000000195b0000,0x00000000196b0000]
[error occurred during error reporting (printing stack bounds), id 0xc0000005]

Native frames: (J=compiled Java code, j=interpreted, Vv=VM code, C=native code)


Current CompileTask:
C2: 149747 16928 %     4       com.google.common.collect.SparseImmutableTable::<init> @ 71 (519 bytes)


---------------  P R O C E S S  ---------------

Java Threads: ( => current thread )
  0x000000001ad28800 JavaThread "stdout" daemon [_thread_in_native, id=17520, stack(0x000000002c150000,0x000000002c250000)]
  0x000000001df81000 JavaThread "stderr" daemon [_thread_in_native, id=1368, stack(0x000000002c050000,0x000000002c150000)]
  0x000000001db83800 JavaThread "stdout" daemon [_thread_in_native, id=28488, stack(0x000000002bf50000,0x000000002c050000)]
  0x0000000019017800 JavaThread "stderr" daemon [_thread_in_native, id=16820, stack(0x000000002be50000,0x000000002bf50000)]
  0x000000001c32f000 JavaThread "stdout" daemon [_thread_in_native, id=18192, stack(0x000000002bd50000,0x000000002be50000)]
  0x000000001c32e800 JavaThread "stderr" daemon [_thread_in_native, id=6324, stack(0x000000002bc50000,0x000000002bd50000)]
  0x000000001c32d800 JavaThread "stdout" daemon [_thread_in_native, id=22208, stack(0x000000002bb50000,0x000000002bc50000)]
  0x000000001c333000 JavaThread "stderr" daemon [_thread_in_native, id=5468, stack(0x000000002ba50000,0x000000002bb50000)]
  0x000000001c332000 JavaThread "stdout" daemon [_thread_in_native, id=29532, stack(0x000000002b950000,0x000000002ba50000)]
  0x000000001c330000 JavaThread "stderr" daemon [_thread_in_native, id=688, stack(0x000000002b850000,0x000000002b950000)]
  0x000000001c32c000 JavaThread "stdout" daemon [_thread_in_native, id=28244, stack(0x000000002b750000,0x000000002b850000)]
  0x000000001c331800 JavaThread "stderr" daemon [_thread_in_native, id=17704, stack(0x000000002b650000,0x000000002b750000)]
  0x000000001c330800 JavaThread "stdout" daemon [_thread_in_native, id=29484, stack(0x000000002b550000,0x000000002b650000)]
  0x000000001c324800 JavaThread "stderr" daemon [_thread_in_native, id=23084, stack(0x000000002b450000,0x000000002b550000)]
  0x000000001c32b800 JavaThread "stdout" daemon [_thread_in_native, id=14288, stack(0x000000002b350000,0x000000002b450000)]
  0x000000001c326000 JavaThread "stderr" daemon [_thread_in_native, id=24664, stack(0x000000002b250000,0x000000002b350000)]
  0x000000001c32a000 JavaThread "queued-resource-processor_16" daemon [_thread_blocked, id=19356, stack(0x000000002b150000,0x000000002b250000)]
  0x000000001c328800 JavaThread "queued-resource-processor_15" daemon [_thread_blocked, id=16592, stack(0x000000002b050000,0x000000002b150000)]
  0x000000001c325800 JavaThread "queued-resource-processor_14" daemon [_thread_blocked, id=18224, stack(0x000000002af50000,0x000000002b050000)]
  0x000000001c327800 JavaThread "queued-resource-processor_13" daemon [_thread_blocked, id=8764, stack(0x000000002ae50000,0x000000002af50000)]
  0x000000001c324000 JavaThread "queued-resource-processor_12" daemon [_thread_blocked, id=8780, stack(0x000000002ad50000,0x000000002ae50000)]
  0x000000001c32a800 JavaThread "queued-resource-processor_11" daemon [_thread_blocked, id=9328, stack(0x000000002ac50000,0x000000002ad50000)]
  0x000000001c329000 JavaThread "queued-resource-processor_10" daemon [_thread_blocked, id=28508, stack(0x000000002ab50000,0x000000002ac50000)]
  0x000000001c327000 JavaThread "queued-resource-processor_9" daemon [_thread_blocked, id=27800, stack(0x000000002aa50000,0x000000002ab50000)]
  0x0000000019023800 JavaThread "Task worker for ':' Thread 7" [_thread_blocked, id=19744, stack(0x0000000028d50000,0x0000000028e50000)]
  0x0000000019021800 JavaThread "Task worker for ':' Thread 6" [_thread_blocked, id=23752, stack(0x0000000028c50000,0x0000000028d50000)]
  0x0000000019024800 JavaThread "Task worker for ':' Thread 5" [_thread_in_native, id=2480, stack(0x0000000028b50000,0x0000000028c50000)]
  0x0000000019026000 JavaThread "Task worker for ':' Thread 4" [_thread_blocked, id=26004, stack(0x0000000028a50000,0x0000000028b50000)]
  0x0000000019019000 JavaThread "Task worker for ':' Thread 3" [_thread_blocked, id=22636, stack(0x0000000028950000,0x0000000028a50000)]
  0x0000000019016800 JavaThread "Task worker for ':' Thread 2" [_thread_blocked, id=8736, stack(0x0000000028850000,0x0000000028950000)]
  0x000000001901d000 JavaThread "Task worker for ':'" [_thread_blocked, id=25016, stack(0x0000000028750000,0x0000000028850000)]
  0x0000000019018000 JavaThread "Cache worker for task history cache (D:\StudioProjects\boost\.gradle\4.1\taskHistory)" [_thread_blocked, id=18440, stack(0x0000000028650000,0x0000000028750000)]
  0x000000001df7f000 JavaThread "build operations Thread 8" [_thread_blocked, id=3736, stack(0x0000000028550000,0x0000000028650000)]
  0x000000001df7e000 JavaThread "build operations Thread 7" [_thread_blocked, id=1732, stack(0x0000000028450000,0x0000000028550000)]
  0x000000001df7d800 JavaThread "build operations Thread 6" [_thread_blocked, id=10280, stack(0x0000000028350000,0x0000000028450000)]
  0x000000001df7c800 JavaThread "build operations Thread 5" [_thread_blocked, id=20568, stack(0x0000000028250000,0x0000000028350000)]
  0x000000001df75000 JavaThread "build operations Thread 4" [_thread_blocked, id=2792, stack(0x0000000028150000,0x0000000028250000)]
  0x000000001df7c000 JavaThread "build operations Thread 3" [_thread_blocked, id=6452, stack(0x0000000028050000,0x0000000028150000)]
  0x000000001df74000 JavaThread "build operations Thread 2" [_thread_blocked, id=24616, stack(0x0000000027f50000,0x0000000028050000)]
  0x000000001df7b000 JavaThread "build operations" [_thread_blocked, id=13348, stack(0x0000000027e50000,0x0000000027f50000)]
  0x000000001df79800 JavaThread "Cache worker for Artifact transforms cache (C:\Users\vinay\.gradle\caches\transforms-1)" [_thread_blocked, id=12200, stack(0x0000000027d50000,0x0000000027e50000)]
  0x000000001df78800 JavaThread "Cache worker for file hash cache (D:\StudioProjects\boost\.gradle\4.1\fileHashes)" [_thread_blocked, id=27352, stack(0x0000000027c50000,0x0000000027d50000)]
  0x000000001df77000 JavaThread "Asynchronous log dispatcher for DefaultDaemonConnection: socket connection from /127.0.0.1:49390 to /127.0.0.1:49398" [_thread_blocked, id=12692, stack(0x0000000027a50000,0x0000000027b50000)]
  0x000000001df73800 JavaThread "Cancel handler" [_thread_blocked, id=21516, stack(0x0000000027950000,0x0000000027a50000)]
  0x000000001df75800 JavaThread "Handler for socket connection from /127.0.0.1:49390 to /127.0.0.1:49398" [_thread_in_native, id=13484, stack(0x0000000027580000,0x0000000027680000)]
  0x000000001901e800 JavaThread "Memory manager" [_thread_blocked, id=24932, stack(0x00000000239a0000,0x0000000023aa0000)]
  0x000000001901d800 JavaThread "pool-1-thread-1" [_thread_blocked, id=19952, stack(0x00000000236a0000,0x00000000237a0000)]
  0x000000001ab00000 JavaThread "File lock request listener" [_thread_in_native, id=29512, stack(0x000000001d5e0000,0x000000001d6e0000)]
  0x000000001ab71800 JavaThread "Cache worker for file hash cache (C:\Users\vinay\.gradle\caches\4.1\fileHashes)" [_thread_blocked, id=8484, stack(0x000000001d4e0000,0x000000001d5e0000)]
  0x000000001ae03800 JavaThread "Daemon worker" [_thread_blocked, id=28536, stack(0x000000001d0e0000,0x000000001d1e0000)]
  0x000000001ae0f800 JavaThread "Daemon" [_thread_blocked, id=12332, stack(0x000000001cbe0000,0x000000001cce0000)]
  0x000000001aab2000 JavaThread "Daemon periodic checks" [_thread_blocked, id=21736, stack(0x000000001cae0000,0x000000001cbe0000)]
  0x000000001b11b000 JavaThread "Incoming local TCP Connector on port 49390" [_thread_in_native, id=16940, stack(0x000000001b380000,0x000000001b480000)]
  0x0000000018e83800 JavaThread "Service Thread" daemon [_thread_blocked, id=2624, stack(0x00000000199b0000,0x0000000019ab0000)]
  0x0000000018df9000 JavaThread "C1 CompilerThread3" daemon [_thread_blocked, id=16508, stack(0x00000000198b0000,0x00000000199b0000)]
  0x0000000016edb000 JavaThread "C2 CompilerThread2" daemon [_thread_blocked, id=24200, stack(0x00000000197b0000,0x00000000198b0000)]
  0x0000000018ded000 JavaThread "C2 CompilerThread1" daemon [_thread_blocked, id=22080, stack(0x00000000196b0000,0x00000000197b0000)]
=>0x0000000018dea000 JavaThread "C2 CompilerThread0" daemon [_thread_in_native, id=13652, stack(0x00000000195b0000,0x00000000196b0000)]
  0x0000000018de8800 JavaThread "Attach Listener" daemon [_thread_blocked, id=26392, stack(0x00000000194b0000,0x00000000195b0000)]
  0x0000000018de7800 JavaThread "Signal Dispatcher" daemon [_thread_blocked, id=14528, stack(0x00000000193b0000,0x00000000194b0000)]
  0x0000000018de0800 JavaThread "Finalizer" daemon [_thread_blocked, id=23492, stack(0x00000000191c0000,0x00000000192c0000)]
  0x0000000003109000 JavaThread "Reference Handler" daemon [_thread_blocked, id=1020, stack(0x0000000018cc0000,0x0000000018dc0000)]
  0x0000000002f0e800 JavaThread "main" [_thread_blocked, id=17772, stack(0x0000000002f10000,0x0000000003010000)]

Other Threads:
  0x0000000016ec7000 VMThread [stack: 0x0000000018bc0000,0x0000000018cc0000] [id=29476]
  0x0000000018e84000 WatcherThread [stack: 0x0000000019ab0000,0x0000000019bb0000] [id=15092]

VM state:not at safepoint (normal execution)

VM Mutex/Monitor currently owned by a thread: None

Heap:
 PSYoungGen      total 466944K, used 314967K [0x00000000e0000000, 0x0000000100000000, 0x0000000100000000)
  eden space 409600K, 62% used [0x00000000e0000000,0x00000000efb98730,0x00000000f9000000)
  from space 57344K, 99% used [0x00000000f9000000,0x00000000fc7fd768,0x00000000fc800000)
  to   space 57344K, 0% used [0x00000000fc800000,0x00000000fc800000,0x0000000100000000)
 ParOldGen       total 252416K, used 143969K [0x00000000a0000000, 0x00000000af680000, 0x00000000e0000000)
  object space 252416K, 57% used [0x00000000a0000000,0x00000000a8c98748,0x00000000af680000)
 Metaspace       used 75502K, capacity 82170K, committed 82264K, reserved 1120256K
  class space    used 10021K, capacity 11597K, committed 11648K, reserved 1048576K

Card table byte_map: [0x00000000124d0000,0x00000000127e0000] byte_map_base: 0x0000000011fd0000

Marking Bits: (ParMarkBitMap*) 0x00000000509a3950
 Begin Bits: [0x00000000131e0000, 0x00000000149e0000)
 End Bits:   [0x00000000149e0000, 0x00000000161e0000)

Polling page: 0x0000000002df0000

CodeCache: size=245760Kb used=48375Kb max_used=48393Kb free=197384Kb
 bounds [0x0000000003110000, 0x00000000060a0000, 0x0000000012110000]
 total_blobs=14339 nmethods=13514 adapters=737
 compilation: enabled

Compilation events (10 events):
Event: 149.544 Thread 0x0000000016edb000 nmethod 16937% 0x0000000004eea210 code [0x0000000004eea400, 0x0000000004eead78]
Event: 149.544 Thread 0x0000000016edb000 16926   !   4       sun.nio.ch.NativeThreadSet::remove (50 bytes)
Event: 149.546 Thread 0x0000000016edb000 nmethod 16926 0x0000000004b7ab90 code [0x0000000004b7ace0, 0x0000000004b7af78]
Event: 149.554 Thread 0x0000000016edb000 16940       4       com.google.common.collect.ImmutableTable::copyOf (44 bytes)
Event: 149.567 Thread 0x0000000018ded000 nmethod 16922 0x00000000060908d0 code [0x0000000006090da0, 0x0000000006093f30]
Event: 149.567 Thread 0x0000000018ded000 16941 % !   4       java.nio.file.Files::readAllLines @ 17 (124 bytes)
Event: 149.574 Thread 0x0000000016edb000 nmethod 16940 0x0000000004ee8210 code [0x0000000004ee8420, 0x0000000004ee8e38]
Event: 149.574 Thread 0x0000000016edb000 16942 % !   4       com.android.builder.symbols.SymbolIo::readLines @ 116 (286 bytes)
Event: 149.575 Thread 0x0000000018ded000 nmethod 16941% 0x0000000003a1a990 code [0x0000000003a1ab20, 0x0000000003a1b3e8]
Event: 149.601 Thread 0x0000000016edb000 nmethod 16942% 0x000000000605fd90 code [0x0000000006060040, 0x0000000006061970]

GC Heap History (10 events):
Event: 39.664 GC heap before
{Heap before GC invocations=18 (full 3):
 PSYoungGen      total 422400K, used 404608K [0x00000000e0000000, 0x00000000fc880000, 0x0000000100000000)
  eden space 390656K, 100% used [0x00000000e0000000,0x00000000f7d80000,0x00000000f7d80000)
  from space 31744K, 43% used [0x00000000fa980000,0x00000000fb720010,0x00000000fc880000)
  to   space 38400K, 0% used [0x00000000f7d80000,0x00000000f7d80000,0x00000000fa300000)
 ParOldGen       total 252416K, used 89166K [0x00000000a0000000, 0x00000000af680000, 0x00000000e0000000)
  object space 252416K, 35% used [0x00000000a0000000,0x00000000a5713960,0x00000000af680000)
 Metaspace       used 61655K, capacity 66234K, committed 66520K, reserved 1105920K
  class space    used 8460K, capacity 9658K, committed 9728K, reserved 1048576K
Event: 39.676 GC heap after
Heap after GC invocations=18 (full 3):
 PSYoungGen      total 429056K, used 15968K [0x00000000e0000000, 0x0000000100000000, 0x0000000100000000)
  eden space 390656K, 0% used [0x00000000e0000000,0x00000000e0000000,0x00000000f7d80000)
  from space 38400K, 41% used [0x00000000f7d80000,0x00000000f8d18010,0x00000000fa300000)
  to   space 36352K, 0% used [0x00000000fdc80000,0x00000000fdc80000,0x0000000100000000)
 ParOldGen       total 252416K, used 89166K [0x00000000a0000000, 0x00000000af680000, 0x00000000e0000000)
  object space 252416K, 35% used [0x00000000a0000000,0x00000000a5713960,0x00000000af680000)
 Metaspace       used 61655K, capacity 66234K, committed 66520K, reserved 1105920K
  class space    used 8460K, capacity 9658K, committed 9728K, reserved 1048576K
}
Event: 52.609 GC heap before
{Heap before GC invocations=19 (full 3):
 PSYoungGen      total 429056K, used 406624K [0x00000000e0000000, 0x0000000100000000, 0x0000000100000000)
  eden space 390656K, 100% used [0x00000000e0000000,0x00000000f7d80000,0x00000000f7d80000)
  from space 38400K, 41% used [0x00000000f7d80000,0x00000000f8d18010,0x00000000fa300000)
  to   space 36352K, 0% used [0x00000000fdc80000,0x00000000fdc80000,0x0000000100000000)
 ParOldGen       total 252416K, used 89166K [0x00000000a0000000, 0x00000000af680000, 0x00000000e0000000)
  object space 252416K, 35% used [0x00000000a0000000,0x00000000a5713960,0x00000000af680000)
 Metaspace       used 65815K, capacity 71204K, committed 71384K, reserved 1110016K
  class space    used 8861K, capacity 10233K, committed 10240K, reserved 1048576K
Event: 52.658 GC heap after
Heap after GC invocations=19 (full 3):
 PSYoungGen      total 478720K, used 26265K [0x00000000e0000000, 0x00000000ffd00000, 0x0000000100000000)
  eden space 445440K, 0% used [0x00000000e0000000,0x00000000e0000000,0x00000000fb300000)
  from space 33280K, 78% used [0x00000000fdc80000,0x00000000ff626790,0x00000000ffd00000)
  to   space 37888K, 0% used [0x00000000fb300000,0x00000000fb300000,0x00000000fd800000)
 ParOldGen       total 252416K, used 89174K [0x00000000a0000000, 0x00000000af680000, 0x00000000e0000000)
  object space 252416K, 35% used [0x00000000a0000000,0x00000000a5715960,0x00000000af680000)
 Metaspace       used 65815K, capacity 71204K, committed 71384K, reserved 1110016K
  class space    used 8861K, capacity 10233K, committed 10240K, reserved 1048576K
}
Event: 61.555 GC heap before
{Heap before GC invocations=20 (full 3):
 PSYoungGen      total 478720K, used 471705K [0x00000000e0000000, 0x00000000ffd00000, 0x0000000100000000)
  eden space 445440K, 100% used [0x00000000e0000000,0x00000000fb300000,0x00000000fb300000)
  from space 33280K, 78% used [0x00000000fdc80000,0x00000000ff626790,0x00000000ffd00000)
  to   space 37888K, 0% used [0x00000000fb300000,0x00000000fb300000,0x00000000fd800000)
 ParOldGen       total 252416K, used 89174K [0x00000000a0000000, 0x00000000af680000, 0x00000000e0000000)
  object space 252416K, 35% used [0x00000000a0000000,0x00000000a5715960,0x00000000af680000)
 Metaspace       used 68933K, capacity 75286K, committed 75608K, reserved 1114112K
  class space    used 9246K, capacity 10774K, committed 10880K, reserved 1048576K
Event: 61.598 GC heap after
Heap after GC invocations=20 (full 3):
 PSYoungGen      total 483328K, used 37863K [0x00000000e0000000, 0x0000000100000000, 0x0000000100000000)
  eden space 445440K, 0% used [0x00000000e0000000,0x00000000e0000000,0x00000000fb300000)
  from space 37888K, 99% used [0x00000000fb300000,0x00000000fd7f9ff0,0x00000000fd800000)
  to   space 40960K, 0% used [0x00000000fd800000,0x00000000fd800000,0x0000000100000000)
 ParOldGen       total 252416K, used 116393K [0x00000000a0000000, 0x00000000af680000, 0x00000000e0000000)
  object space 252416K, 46% used [0x00000000a0000000,0x00000000a71aa688,0x00000000af680000)
 Metaspace       used 68933K, capacity 75286K, committed 75608K, reserved 1114112K
  class space    used 9246K, capacity 10774K, committed 10880K, reserved 1048576K
}
Event: 75.270 GC heap before
{Heap before GC invocations=21 (full 3):
 PSYoungGen      total 483328K, used 483303K [0x00000000e0000000, 0x0000000100000000, 0x0000000100000000)
  eden space 445440K, 100% used [0x00000000e0000000,0x00000000fb300000,0x00000000fb300000)
  from space 37888K, 99% used [0x00000000fb300000,0x00000000fd7f9ff0,0x00000000fd800000)
  to   space 40960K, 0% used [0x00000000fd800000,0x00000000fd800000,0x0000000100000000)
 ParOldGen       total 252416K, used 116393K [0x00000000a0000000, 0x00000000af680000, 0x00000000e0000000)
  object space 252416K, 46% used [0x00000000a0000000,0x00000000a71aa688,0x00000000af680000)
 Metaspace       used 69196K, capacity 75610K, committed 75864K, reserved 1114112K
  class space    used 9260K, capacity 10796K, committed 10880K, reserved 1048576K
Event: 75.402 GC heap after
Heap after GC invocations=21 (full 3):
 PSYoungGen      total 450560K, used 40536K [0x00000000e0000000, 0x0000000100000000, 0x0000000100000000)
  eden space 409600K, 0% used [0x00000000e0000000,0x00000000e0000000,0x00000000f9000000)
  from space 40960K, 98% used [0x00000000fd800000,0x00000000fff96030,0x0000000100000000)
  to   space 57344K, 0% used [0x00000000f9000000,0x00000000f9000000,0x00000000fc800000)
 ParOldGen       total 252416K, used 124353K [0x00000000a0000000, 0x00000000af680000, 0x00000000e0000000)
  object space 252416K, 49% used [0x00000000a0000000,0x00000000a7970688,0x00000000af680000)
 Metaspace       used 69196K, capacity 75610K, committed 75864K, reserved 1114112K
  class space    used 9260K, capacity 10796K, committed 10880K, reserved 1048576K
}
Event: 81.841 GC heap before
{Heap before GC invocations=22 (full 3):
 PSYoungGen      total 450560K, used 450136K [0x00000000e0000000, 0x0000000100000000, 0x0000000100000000)
  eden space 409600K, 100% used [0x00000000e0000000,0x00000000f9000000,0x00000000f9000000)
  from space 40960K, 98% used [0x00000000fd800000,0x00000000fff96030,0x0000000100000000)
  to   space 57344K, 0% used [0x00000000f9000000,0x00000000f9000000,0x00000000fc800000)
 ParOldGen       total 252416K, used 124353K [0x00000000a0000000, 0x00000000af680000, 0x00000000e0000000)
  object space 252416K, 49% used [0x00000000a0000000,0x00000000a7970688,0x00000000af680000)
 Metaspace       used 74662K, capacity 81160K, committed 81368K, reserved 1120256K
  class space    used 9926K, capacity 11446K, committed 11520K, reserved 1048576K
Event: 81.977 GC heap after
Heap after GC invocations=22 (full 3):
 PSYoungGen      total 466944K, used 57333K [0x00000000e0000000, 0x0000000100000000, 0x0000000100000000)
  eden space 409600K, 0% used [0x00000000e0000000,0x00000000e0000000,0x00000000f9000000)
  from space 57344K, 99% used [0x00000000f9000000,0x00000000fc7fd768,0x00000000fc800000)
  to   space 57344K, 0% used [0x00000000fc800000,0x00000000fc800000,0x0000000100000000)
 ParOldGen       total 252416K, used 143969K [0x00000000a0000000, 0x00000000af680000, 0x00000000e0000000)
  object space 252416K, 57% used [0x00000000a0000000,0x00000000a8c98748,0x00000000af680000)
 Metaspace       used 74662K, capacity 81160K, committed 81368K, reserved 1120256K
  class space    used 9926K, capacity 11446K, committed 11520K, reserved 1048576K
}

Deoptimization events (10 events):
Event: 86.456 Thread 0x0000000019024800 Uncommon trap: reason=bimorphic action=maybe_recompile pc=0x0000000005ae44a8 method=java.util.Collections$UnmodifiableCollection.isEmpty()Z @ 4
Event: 86.536 Thread 0x000000001c327000 Uncommon trap: reason=unstable_if action=reinterpret pc=0x0000000003fe1b34 method=sun.nio.fs.Util.followLinks([Ljava/nio/file/LinkOption;)Z @ 13
Event: 86.539 Thread 0x000000001c327000 Uncommon trap: reason=unstable_if action=reinterpret pc=0x00000000050ad318 method=java.nio.file.FileTreeWalker.getAttributes(Ljava/nio/file/Path;Z)Ljava/nio/file/attribute/BasicFileAttributes; @ 35
Event: 86.859 Thread 0x000000001c327000 Uncommon trap: reason=bimorphic action=maybe_recompile pc=0x0000000004492980 method=java.io.BufferedOutputStream.write([BII)V @ 20
Event: 86.859 Thread 0x000000001c327000 Uncommon trap: reason=bimorphic action=maybe_recompile pc=0x0000000004492980 method=java.io.BufferedOutputStream.write([BII)V @ 20
Event: 86.863 Thread 0x000000001c327000 Uncommon trap: reason=bimorphic action=maybe_recompile pc=0x0000000004492980 method=java.io.BufferedOutputStream.write([BII)V @ 20
Event: 86.867 Thread 0x000000001c327000 Uncommon trap: reason=bimorphic action=maybe_recompile pc=0x0000000004492980 method=java.io.BufferedOutputStream.write([BII)V @ 20
Event: 121.266 Thread 0x000000001aab2000 Uncommon trap: reason=unstable_if action=reinterpret pc=0x0000000004b2c214 method=java.io.ExpiringCache.entryFor(Ljava/lang/String;)Ljava/io/ExpiringCache$Entry; @ 39
Event: 121.266 Thread 0x000000001aab2000 Uncommon trap: reason=unstable_if action=reinterpret pc=0x0000000004b12ff8 method=java.io.ExpiringCache.entryFor(Ljava/lang/String;)Ljava/io/ExpiringCache$Entry; @ 39
Event: 121.268 Thread 0x000000001aab2000 Uncommon trap: reason=unstable_if action=reinterpret pc=0x0000000004871128 method=java.io.ExpiringCache.entryFor(Ljava/lang/String;)Ljava/io/ExpiringCache$Entry; @ 39

Classes redefined (0 events):
No events

Internal exceptions (10 events):
Event: 81.249 Thread 0x0000000019024800 Implicit null exception at 0x0000000003c1731e to 0x0000000003c174a1
Event: 81.329 Thread 0x0000000019024800 Implicit null exception at 0x0000000005ca8f30 to 0x0000000005ca9781
Event: 81.532 Thread 0x0000000019024800 Implicit null exception at 0x000000000430fdc3 to 0x000000000430fe39
Event: 82.142 Thread 0x0000000019024800 Implicit null exception at 0x0000000005a960d6 to 0x0000000005a96421
Event: 83.052 Thread 0x0000000019024800 Implicit null exception at 0x0000000004abd9bc to 0x0000000004abdf51
Event: 83.524 Thread 0x0000000019024800 Implicit null exception at 0x0000000005ef2a57 to 0x0000000005ef2b9b
Event: 83.840 Thread 0x0000000019024800 Implicit null exception at 0x0000000005ec7266 to 0x0000000005ec849d
Event: 85.009 Thread 0x0000000019024800 Implicit null exception at 0x0000000003e7dc35 to 0x0000000003e7dd31
Event: 85.709 Thread 0x0000000019024800 Implicit null exception at 0x0000000003c7a4cc to 0x0000000003c7a6ed
Event: 149.443 Thread 0x0000000019024800 Exception <a 'java/lang/NoSuchMethodError': java.lang.Object.lambda$comparingInt$7b0bb60$1(Ljava/util/function/ToIntFunction;Ljava/lang/Object;Ljava/lang/Object;)I> (0x00000000ec4a6c80) thrown at [D:\src\AOSP-openjdk-cygwin\jdk8u\hotspot\src\share\vm\inte

Events (10 events):
Event: 149.525 Thread 0x0000000019024800 DEOPT UNPACKING pc=0x00000000031575bf sp=0x0000000028c4ce70 mode 0
Event: 149.554 Thread 0x0000000019024800 DEOPT PACKING pc=0x0000000003705614 sp=0x0000000028c4d2d0
Event: 149.555 Thread 0x0000000019024800 DEOPT UNPACKING pc=0x00000000031575bf sp=0x0000000028c4d070 mode 0
Event: 149.562 Thread 0x0000000019024800 DEOPT PACKING pc=0x000000000538cb5e sp=0x0000000028c4d070
Event: 149.562 Thread 0x0000000019024800 DEOPT UNPACKING pc=0x00000000031575bf sp=0x0000000028c4ce70 mode 0
Event: 149.570 Thread 0x0000000019024800 DEOPT PACKING pc=0x0000000003705614 sp=0x0000000028c4d2d0
Event: 149.570 Thread 0x0000000019024800 DEOPT UNPACKING pc=0x00000000031575bf sp=0x0000000028c4d070 mode 0
Event: 149.678 Executing VM operation: RevokeBias
Event: 149.678 Executing VM operation: RevokeBias done
Event: 149.678 Thread 0x000000001ad27800 Thread exited: 0x000000001ad27800


Dynamic libraries:
0x00007ff776150000 - 0x00007ff776181000 	C:\Program Files\Android\Android Studio\jre\bin\java.exe
0x00007ffe1e3d0000 - 0x00007ffe1e5b1000 	C:\WINDOWS\SYSTEM32\ntdll.dll
0x00007ffe1baf0000 - 0x00007ffe1bba2000 	C:\WINDOWS\System32\KERNEL32.DLL
0x00007ffe1a850000 - 0x00007ffe1aac3000 	C:\WINDOWS\System32\KERNELBASE.dll
0x00007ffe1c810000 - 0x00007ffe1c8b1000 	C:\WINDOWS\System32\ADVAPI32.dll
0x00007ffe1cb40000 - 0x00007ffe1cbde000 	C:\WINDOWS\System32\msvcrt.dll
0x00007ffe1bc10000 - 0x00007ffe1bc6b000 	C:\WINDOWS\System32\sechost.dll
0x00007ffe1e020000 - 0x00007ffe1e144000 	C:\WINDOWS\System32\RPCRT4.dll
0x00007ffe1b860000 - 0x00007ffe1b9f0000 	C:\WINDOWS\System32\USER32.dll
0x00007ffe1ae10000 - 0x00007ffe1ae30000 	C:\WINDOWS\System32\win32u.dll
0x00007ffe1bcf0000 - 0x00007ffe1bd18000 	C:\WINDOWS\System32\GDI32.dll
0x00007ffe1aad0000 - 0x00007ffe1ac62000 	C:\WINDOWS\System32\gdi32full.dll
0x00007ffe1ad70000 - 0x00007ffe1ae0f000 	C:\WINDOWS\System32\msvcp_win.dll
0x00007ffe1ac70000 - 0x00007ffe1ad6a000 	C:\WINDOWS\System32\ucrtbase.dll
0x00007ffe0a420000 - 0x00007ffe0a689000 	C:\WINDOWS\WinSxS\amd64_microsoft.windows.common-controls_6595b64144ccf1df_6.0.17134.48_none_b4b2216a3cb4dd3e\COMCTL32.dll
0x00007ffe1c170000 - 0x00007ffe1c493000 	C:\WINDOWS\System32\combase.dll
0x00007ffe1ae30000 - 0x00007ffe1aeaa000 	C:\WINDOWS\System32\bcryptPrimitives.dll
0x00007ffe1c8c0000 - 0x00007ffe1c8ed000 	C:\WINDOWS\System32\IMM32.DLL
0x0000000050020000 - 0x00000000500f2000 	C:\Program Files\Android\Android Studio\jre\jre\bin\msvcr100.dll
0x00000000501e0000 - 0x0000000050a1e000 	C:\Program Files\Android\Android Studio\jre\jre\bin\server\jvm.dll
0x00007ffe1e300000 - 0x00007ffe1e308000 	C:\WINDOWS\System32\PSAPI.DLL
0x00007ffe094d0000 - 0x00007ffe094d9000 	C:\WINDOWS\SYSTEM32\WSOCK32.dll
0x00007ffe18200000 - 0x00007ffe18223000 	C:\WINDOWS\SYSTEM32\WINMM.dll
0x00007ffe181c0000 - 0x00007ffe181ca000 	C:\WINDOWS\SYSTEM32\VERSION.dll
0x00007ffe1e330000 - 0x00007ffe1e39c000 	C:\WINDOWS\System32\WS2_32.dll
0x00007ffe181d0000 - 0x00007ffe181fa000 	C:\WINDOWS\SYSTEM32\WINMMBASE.dll
0x00007ffe1b5c0000 - 0x00007ffe1b609000 	C:\WINDOWS\System32\cfgmgr32.dll
0x00007ffe15ed0000 - 0x00007ffe15edf000 	C:\Program Files\Android\Android Studio\jre\jre\bin\verify.dll
0x00007ffe13e30000 - 0x00007ffe13e59000 	C:\Program Files\Android\Android Studio\jre\jre\bin\java.dll
0x00007ffe15d60000 - 0x00007ffe15d76000 	C:\Program Files\Android\Android Studio\jre\jre\bin\zip.dll
0x00007ffe1cbe0000 - 0x00007ffe1e020000 	C:\WINDOWS\System32\SHELL32.dll
0x00007ffe1c690000 - 0x00007ffe1c739000 	C:\WINDOWS\System32\shcore.dll
0x00007ffe1aeb0000 - 0x00007ffe1b5bd000 	C:\WINDOWS\System32\windows.storage.dll
0x00007ffe1c4b0000 - 0x00007ffe1c501000 	C:\WINDOWS\System32\shlwapi.dll
0x00007ffe1a760000 - 0x00007ffe1a771000 	C:\WINDOWS\System32\kernel.appcore.dll
0x00007ffe1a780000 - 0x00007ffe1a79f000 	C:\WINDOWS\System32\profapi.dll
0x00007ffe1a6e0000 - 0x00007ffe1a72c000 	C:\WINDOWS\System32\powrprof.dll
0x00007ffe1a730000 - 0x00007ffe1a73a000 	C:\WINDOWS\System32\FLTLIB.DLL
0x00007ffe15cd0000 - 0x00007ffe15cea000 	C:\Program Files\Android\Android Studio\jre\jre\bin\net.dll
0x00007ffe19f60000 - 0x00007ffe19fc6000 	C:\WINDOWS\system32\mswsock.dll
0x00007ffe13ba0000 - 0x00007ffe13bb1000 	C:\Program Files\Android\Android Studio\jre\jre\bin\nio.dll
0x00007ffe13ea0000 - 0x00007ffe13ebe000 	C:\Users\vinay\.gradle\native\25\windows-amd64\native-platform.dll
0x00007ffe15d00000 - 0x00007ffe15d0d000 	C:\Program Files\Android\Android Studio\jre\jre\bin\management.dll
0x00007ffe1a120000 - 0x00007ffe1a137000 	C:\WINDOWS\SYSTEM32\CRYPTSP.dll
0x00007ffe19b40000 - 0x00007ffe19b73000 	C:\WINDOWS\system32\rsaenh.dll
0x00007ffe1a240000 - 0x00007ffe1a265000 	C:\WINDOWS\SYSTEM32\bcrypt.dll
0x00007ffe1a610000 - 0x00007ffe1a638000 	C:\WINDOWS\SYSTEM32\USERENV.dll
0x00007ffe1a110000 - 0x00007ffe1a11b000 	C:\WINDOWS\SYSTEM32\CRYPTBASE.dll
0x00007ffe19ce0000 - 0x00007ffe19d18000 	C:\WINDOWS\SYSTEM32\IPHLPAPI.DLL
0x00007ffe1c4a0000 - 0x00007ffe1c4a8000 	C:\WINDOWS\System32\NSI.dll
0x00007ffe0c4d0000 - 0x00007ffe0c4e6000 	C:\WINDOWS\SYSTEM32\dhcpcsvc6.DLL
0x00007ffe0c5a0000 - 0x00007ffe0c5ba000 	C:\WINDOWS\SYSTEM32\dhcpcsvc.DLL
0x00007ffe13ec0000 - 0x00007ffe13ee4000 	C:\Program Files\Android\Android Studio\jre\jre\bin\sunec.dll
0x00007ffe19d20000 - 0x00007ffe19dde000 	C:\WINDOWS\SYSTEM32\DNSAPI.dll
0x00007ffe0afb0000 - 0x00007ffe0afba000 	C:\Windows\System32\rasadhlp.dll
0x00007ffe0b7a0000 - 0x00007ffe0b812000 	C:\WINDOWS\System32\fwpuclnt.dll
0x00007ffe15f20000 - 0x00007ffe15f2b000 	C:\Program Files\Android\Android Studio\jre\jre\bin\sunmscapi.dll
0x00007ffe1b670000 - 0x00007ffe1b852000 	C:\WINDOWS\System32\CRYPT32.dll
0x00007ffe1a740000 - 0x00007ffe1a752000 	C:\WINDOWS\System32\MSASN1.dll

VM Arguments:
jvm_args: -Xmx1536M -Dfile.encoding=windows-1252 -Duser.country=IN -Duser.language=en -Duser.variant 
java_command: org.gradle.launcher.daemon.bootstrap.GradleDaemon 4.1
java_class_path (initial): C:\Users\vinay\.gradle\wrapper\dists\gradle-4.1-all\bzyivzo6n839fup2jbap0tjew\gradle-4.1\lib\gradle-launcher-4.1.jar
Launcher Type: SUN_STANDARD

Environment Variables:
JAVA_HOME=C:\Program Files\Java\jdk1.8.0_161
PATH=C:\ProgramData\Oracle\Java\javapath;C:\Program Files (x86)\Intel\iCLS Client\;C:\Program Files\Intel\iCLS Client\;C:\Windows\system32;C:\Windows;C:\Windows\System32\Wbem;C:\Windows\System32\WindowsPowerShell\v1.0\;C:\Program Files (x86)\Intel\Intel(R) Management Engine Components\DAL;C:\Program Files\Intel\Intel(R) Management Engine Components\DAL;C:\Program Files (x86)\Intel\Intel(R) Management Engine Components\IPT;C:\Program Files\Intel\Intel(R) Management Engine Components\IPT;C:\Program Files (x86)\NVIDIA Corporation\PhysX\Common;C:\Program Files\Intel\WiFi\bin\;C:\Program Files\Common Files\Intel\WirelessCommon\;C:\WINDOWS\system32;C:\WINDOWS;C:\WINDOWS\System32\Wbem;C:\WINDOWS\System32\WindowsPowerShell\v1.0\;C:\Program Files (x86)\Git\cmd;C:\Program Files\Java\jdk1.8.0_161;C:\Program Files\nodejs\;D:\Softwares\Flutter\flutter\bin;;C:\WINDOWS\System32\OpenSSH\;C:\Program Files\dotnet\;C:\Program Files\Microsoft SQL Server\130\Tools\Binn\;C:\Users\vinay\AppData\Local\Microsoft\WindowsApps;C:\Program Files\Java\jdk1.8.0_161;D:\Programs\MicrosoftVSCode\bin;C:\Users\vinay\AppData\Roaming\npm;D:\Softwares\Flutter\flutter\bin;
USERNAME=vinay
OS=Windows_NT
PROCESSOR_IDENTIFIER=Intel64 Family 6 Model 142 Stepping 10, GenuineIntel



---------------  S Y S T E M  ---------------

OS: Windows 10.0 , 64 bit Build 17134 (10.0.17134.1)

CPU:total 8 (initial active 8) (4 cores per cpu, 2 threads per core) family 6 model 142 stepping 10, cmov, cx8, fxsr, mmx, sse, sse2, sse3, ssse3, sse4.1, sse4.2, popcnt, avx, avx2, aes, clmul, erms, 3dnowpref, lzcnt, ht, tsc, tscinvbit, bmi1, bmi2, adx

Memory: 4k page, physical 16657300k(8253304k free), swap 32148752k(5596k free)

vm_info: OpenJDK 64-Bit Server VM (25.152-b01) for windows-amd64 JRE (1.8.0_152-release-915-b01), built by "builder" with MS VC++ 10.0 (VS2010)

time: Mon May 28 12:54:14 2018
elapsed time: 149 seconds (0d 0h 2m 29s)

